m=32 k=256 n=128 sparsity=0.5 ITER=50000
bin/mm data/32_256_0.5.mat data/256_128_0.5.mat -t -a cusparse -r50000
Time for gpu_mm_sparse:conversion=0.000000
Time for gpu_mm_sparse:cusparsemm=54.080000
Time for gpu_mm_sparse:back2dense=0.000000
Time taken for gpu_mm_sparse is 54.090000
bin/mm data/32_256_0.5.mat data/256_128_0.5.mat -t -a denseblas -r50000
Time for gpu_mm_dense:data=0.000000
Time for gpu_mm_dense:mult=1.210000
Time taken for the gpu_mm_dense is 1.210000
bin/mm data/32_256_0.5.mat data/256_128_0.5.mat -t -a sparseimp -r50000
Time for gpu_mm_sparse_ProjectImp:transpose=0.000000
Time for gpu_mm_sparse_ProjectImp:conversion=0.000000
Time for gpu_mm_sparse_ProjectImp:sparsemm=15.900000
Time for gpu_mm_sparse_ProjectImp:back2host=0.000000
Time taken for gpu_mm_sparse_ProjectImp is 15.900000
m=32 k=256 n=128 sparsity=0.8 ITER=50000
bin/mm data/32_256_0.8.mat data/256_128_0.8.mat -t -a cusparse -r50000
Time for gpu_mm_sparse:conversion=0.000000
Time for gpu_mm_sparse:cusparsemm=51.080000
Time for gpu_mm_sparse:back2dense=0.000000
Time taken for gpu_mm_sparse is 51.080000
bin/mm data/32_256_0.8.mat data/256_128_0.8.mat -t -a denseblas -r50000
Time for gpu_mm_dense:data=0.000000
Time for gpu_mm_dense:mult=1.230000
Time taken for the gpu_mm_dense is 1.230000
bin/mm data/32_256_0.8.mat data/256_128_0.8.mat -t -a sparseimp -r50000
Time for gpu_mm_sparse_ProjectImp:transpose=0.000000
Time for gpu_mm_sparse_ProjectImp:conversion=0.010000
Time for gpu_mm_sparse_ProjectImp:sparsemm=7.250000
Time for gpu_mm_sparse_ProjectImp:back2host=0.000000
Time taken for gpu_mm_sparse_ProjectImp is 7.260000
m=32 k=256 n=128 sparsity=0.9 ITER=50000
bin/mm data/32_256_0.9.mat data/256_128_0.9.mat -t -a cusparse -r50000
Time for gpu_mm_sparse:conversion=0.000000
Time for gpu_mm_sparse:cusparsemm=33.990000
Time for gpu_mm_sparse:back2dense=0.000000
Time taken for gpu_mm_sparse is 33.990000
bin/mm data/32_256_0.9.mat data/256_128_0.9.mat -t -a denseblas -r50000
Time for gpu_mm_dense:data=0.000000
Time for gpu_mm_dense:mult=1.400000
Time taken for the gpu_mm_dense is 1.400000
bin/mm data/32_256_0.9.mat data/256_128_0.9.mat -t -a sparseimp -r50000
Time for gpu_mm_sparse_ProjectImp:transpose=0.000000
Time for gpu_mm_sparse_ProjectImp:conversion=0.010000
Time for gpu_mm_sparse_ProjectImp:sparsemm=4.170000
Time for gpu_mm_sparse_ProjectImp:back2host=0.000000
Time taken for gpu_mm_sparse_ProjectImp is 4.180000
m=32 k=256 n=128 sparsity=0.95 ITER=50000
bin/mm data/32_256_0.95.mat data/256_128_0.95.mat -t -a cusparse -r50000
Time for gpu_mm_sparse:conversion=0.010000
Time for gpu_mm_sparse:cusparsemm=33.510000
Time for gpu_mm_sparse:back2dense=0.000000
Time taken for gpu_mm_sparse is 33.520000
bin/mm data/32_256_0.95.mat data/256_128_0.95.mat -t -a denseblas -r50000
Time for gpu_mm_dense:data=0.000000
Time for gpu_mm_dense:mult=1.080000
Time taken for the gpu_mm_dense is 1.080000
bin/mm data/32_256_0.95.mat data/256_128_0.95.mat -t -a sparseimp -r50000
Time for gpu_mm_sparse_ProjectImp:transpose=0.000000
Time for gpu_mm_sparse_ProjectImp:conversion=0.020000
Time for gpu_mm_sparse_ProjectImp:sparsemm=2.650000
Time for gpu_mm_sparse_ProjectImp:back2host=0.000000
Time taken for gpu_mm_sparse_ProjectImp is 2.670000
m=32 k=256 n=128 sparsity=0.99 ITER=50000
bin/mm data/32_256_0.99.mat data/256_128_0.99.mat -t -a cusparse -r50000
Time for gpu_mm_sparse:conversion=0.010000
Time for gpu_mm_sparse:cusparsemm=30.490000
Time for gpu_mm_sparse:back2dense=0.000000
Time taken for gpu_mm_sparse is 30.510000
bin/mm data/32_256_0.99.mat data/256_128_0.99.mat -t -a denseblas -r50000
Time for gpu_mm_dense:data=0.010000
Time for gpu_mm_dense:mult=1.070000
Time taken for the gpu_mm_dense is 1.080000
bin/mm data/32_256_0.99.mat data/256_128_0.99.mat -t -a sparseimp -r50000
Time for gpu_mm_sparse_ProjectImp:transpose=0.000000
Time for gpu_mm_sparse_ProjectImp:conversion=0.020000
Time for gpu_mm_sparse_ProjectImp:sparsemm=0.960000
Time for gpu_mm_sparse_ProjectImp:back2host=0.000000
Time taken for gpu_mm_sparse_ProjectImp is 0.980000
m=32 k=512 n=256 sparsity=0.5 ITER=10000
bin/mm data/32_512_0.5.mat data/512_256_0.5.mat -t -a cusparse -r10000
Time for gpu_mm_sparse:conversion=0.010000
Time for gpu_mm_sparse:cusparsemm=18.580000
Time for gpu_mm_sparse:back2dense=0.000000
Time taken for gpu_mm_sparse is 18.590000
bin/mm data/32_512_0.5.mat data/512_256_0.5.mat -t -a denseblas -r10000
Time for gpu_mm_dense:data=0.000000
Time for gpu_mm_dense:mult=1.130000
Time taken for the gpu_mm_dense is 1.130000
bin/mm data/32_512_0.5.mat data/512_256_0.5.mat -t -a sparseimp -r10000
Time for gpu_mm_sparse_ProjectImp:transpose=0.000000
Time for gpu_mm_sparse_ProjectImp:conversion=0.010000
Time for gpu_mm_sparse_ProjectImp:sparsemm=6.530000
Time for gpu_mm_sparse_ProjectImp:back2host=0.000000
Time taken for gpu_mm_sparse_ProjectImp is 6.550000
m=32 k=512 n=256 sparsity=0.8 ITER=10000
bin/mm data/32_512_0.8.mat data/512_256_0.8.mat -t -a cusparse -r10000
Time for gpu_mm_sparse:conversion=0.000000
Time for gpu_mm_sparse:cusparsemm=9.530000
Time for gpu_mm_sparse:back2dense=0.000000
Time taken for gpu_mm_sparse is 9.530000
bin/mm data/32_512_0.8.mat data/512_256_0.8.mat -t -a denseblas -r10000
Time for gpu_mm_dense:data=0.000000
Time for gpu_mm_dense:mult=1.040000
Time taken for the gpu_mm_dense is 1.040000
bin/mm data/32_512_0.8.mat data/512_256_0.8.mat -t -a sparseimp -r10000
Time for gpu_mm_sparse_ProjectImp:transpose=0.000000
Time for gpu_mm_sparse_ProjectImp:conversion=0.010000
Time for gpu_mm_sparse_ProjectImp:sparsemm=2.950000
Time for gpu_mm_sparse_ProjectImp:back2host=0.000000
Time taken for gpu_mm_sparse_ProjectImp is 2.960000
m=32 k=512 n=256 sparsity=0.9 ITER=10000
bin/mm data/32_512_0.9.mat data/512_256_0.9.mat -t -a cusparse -r10000
Time for gpu_mm_sparse:conversion=0.010000
Time for gpu_mm_sparse:cusparsemm=11.460000
Time for gpu_mm_sparse:back2dense=0.000000
Time taken for gpu_mm_sparse is 11.470000
bin/mm data/32_512_0.9.mat data/512_256_0.9.mat -t -a denseblas -r10000
Time for gpu_mm_dense:data=0.010000
Time for gpu_mm_dense:mult=0.990000
Time taken for the gpu_mm_dense is 1.000000
bin/mm data/32_512_0.9.mat data/512_256_0.9.mat -t -a sparseimp -r10000
Time for gpu_mm_sparse_ProjectImp:transpose=0.010000
Time for gpu_mm_sparse_ProjectImp:conversion=0.020000
Time for gpu_mm_sparse_ProjectImp:sparsemm=1.790000
Time for gpu_mm_sparse_ProjectImp:back2host=0.000000
Time taken for gpu_mm_sparse_ProjectImp is 1.830000
m=32 k=512 n=256 sparsity=0.95 ITER=10000
bin/mm data/32_512_0.95.mat data/512_256_0.95.mat -t -a cusparse -r10000
Time for gpu_mm_sparse:conversion=0.010000
Time for gpu_mm_sparse:cusparsemm=8.800000
Time for gpu_mm_sparse:back2dense=0.000000
Time taken for gpu_mm_sparse is 8.810000
bin/mm data/32_512_0.95.mat data/512_256_0.95.mat -t -a denseblas -r10000
Time for gpu_mm_dense:data=0.000000
Time for gpu_mm_dense:mult=1.150000
Time taken for the gpu_mm_dense is 1.150000
bin/mm data/32_512_0.95.mat data/512_256_0.95.mat -t -a sparseimp -r10000
Time for gpu_mm_sparse_ProjectImp:transpose=0.000000
Time for gpu_mm_sparse_ProjectImp:conversion=0.010000
Time for gpu_mm_sparse_ProjectImp:sparsemm=0.890000
Time for gpu_mm_sparse_ProjectImp:back2host=0.000000
Time taken for gpu_mm_sparse_ProjectImp is 0.900000
m=32 k=512 n=256 sparsity=0.99 ITER=10000
bin/mm data/32_512_0.99.mat data/512_256_0.99.mat -t -a cusparse -r10000
Time for gpu_mm_sparse:conversion=0.010000
Time for gpu_mm_sparse:cusparsemm=7.370000
Time for gpu_mm_sparse:back2dense=0.000000
Time taken for gpu_mm_sparse is 7.380000
bin/mm data/32_512_0.99.mat data/512_256_0.99.mat -t -a denseblas -r10000
Time for gpu_mm_dense:data=0.000000
Time for gpu_mm_dense:mult=1.100000
Time taken for the gpu_mm_dense is 1.100000
bin/mm data/32_512_0.99.mat data/512_256_0.99.mat -t -a sparseimp -r10000
Time for gpu_mm_sparse_ProjectImp:transpose=0.000000
Time for gpu_mm_sparse_ProjectImp:conversion=0.010000
Time for gpu_mm_sparse_ProjectImp:sparsemm=0.250000
Time for gpu_mm_sparse_ProjectImp:back2host=0.000000
Time taken for gpu_mm_sparse_ProjectImp is 0.260000
m=32 k=1024 n=512 sparsity=0.5 ITER=2500
bin/mm data/32_1024_0.5.mat data/1024_512_0.5.mat -t -a cusparse -r2500
Time for gpu_mm_sparse:conversion=0.010000
Time for gpu_mm_sparse:cusparsemm=11.800000
Time for gpu_mm_sparse:back2dense=0.000000
Time taken for gpu_mm_sparse is 11.810000
bin/mm data/32_1024_0.5.mat data/1024_512_0.5.mat -t -a denseblas -r2500
Time for gpu_mm_dense:data=0.000000
Time for gpu_mm_dense:mult=0.480000
Time taken for the gpu_mm_dense is 0.480000
bin/mm data/32_1024_0.5.mat data/1024_512_0.5.mat -t -a sparseimp -r2500
Time for gpu_mm_sparse_ProjectImp:transpose=0.010000
Time for gpu_mm_sparse_ProjectImp:conversion=0.020000
Time for gpu_mm_sparse_ProjectImp:sparsemm=3.800000
Time for gpu_mm_sparse_ProjectImp:back2host=0.000000
Time taken for gpu_mm_sparse_ProjectImp is 3.830000
m=32 k=1024 n=512 sparsity=0.8 ITER=2500
bin/mm data/32_1024_0.8.mat data/1024_512_0.8.mat -t -a cusparse -r2500
Time for gpu_mm_sparse:conversion=0.010000
Time for gpu_mm_sparse:cusparsemm=3.480000
Time for gpu_mm_sparse:back2dense=0.000000
Time taken for gpu_mm_sparse is 3.490000
bin/mm data/32_1024_0.8.mat data/1024_512_0.8.mat -t -a denseblas -r2500
Time for gpu_mm_dense:data=0.000000
Time for gpu_mm_dense:mult=0.550000
Time taken for the gpu_mm_dense is 0.550000
bin/mm data/32_1024_0.8.mat data/1024_512_0.8.mat -t -a sparseimp -r2500
Time for gpu_mm_sparse_ProjectImp:transpose=0.010000
Time for gpu_mm_sparse_ProjectImp:conversion=0.010000
Time for gpu_mm_sparse_ProjectImp:sparsemm=1.810000
Time for gpu_mm_sparse_ProjectImp:back2host=0.000000
Time taken for gpu_mm_sparse_ProjectImp is 1.830000
m=32 k=1024 n=512 sparsity=0.9 ITER=2500
bin/mm data/32_1024_0.9.mat data/1024_512_0.9.mat -t -a cusparse -r2500
Time for gpu_mm_sparse:conversion=0.000000
Time for gpu_mm_sparse:cusparsemm=2.890000
Time for gpu_mm_sparse:back2dense=0.000000
Time taken for gpu_mm_sparse is 2.890000
bin/mm data/32_1024_0.9.mat data/1024_512_0.9.mat -t -a denseblas -r2500
Time for gpu_mm_dense:data=0.000000
Time for gpu_mm_dense:mult=0.630000
Time taken for the gpu_mm_dense is 0.630000
bin/mm data/32_1024_0.9.mat data/1024_512_0.9.mat -t -a sparseimp -r2500
Time for gpu_mm_sparse_ProjectImp:transpose=0.010000
Time for gpu_mm_sparse_ProjectImp:conversion=0.000000
Time for gpu_mm_sparse_ProjectImp:sparsemm=0.880000
Time for gpu_mm_sparse_ProjectImp:back2host=0.000000
Time taken for gpu_mm_sparse_ProjectImp is 0.890000
m=32 k=1024 n=512 sparsity=0.95 ITER=2500
bin/mm data/32_1024_0.95.mat data/1024_512_0.95.mat -t -a cusparse -r2500
Time for gpu_mm_sparse:conversion=0.010000
Time for gpu_mm_sparse:cusparsemm=3.300000
Time for gpu_mm_sparse:back2dense=0.000000
Time taken for gpu_mm_sparse is 3.310000
bin/mm data/32_1024_0.95.mat data/1024_512_0.95.mat -t -a denseblas -r2500
Time for gpu_mm_dense:data=0.000000
Time for gpu_mm_dense:mult=0.490000
Time taken for the gpu_mm_dense is 0.490000
bin/mm data/32_1024_0.95.mat data/1024_512_0.95.mat -t -a sparseimp -r2500
Time for gpu_mm_sparse_ProjectImp:transpose=0.010000
Time for gpu_mm_sparse_ProjectImp:conversion=0.020000
Time for gpu_mm_sparse_ProjectImp:sparsemm=0.580000
Time for gpu_mm_sparse_ProjectImp:back2host=0.000000
Time taken for gpu_mm_sparse_ProjectImp is 0.610000
m=32 k=1024 n=512 sparsity=0.99 ITER=2500
bin/mm data/32_1024_0.99.mat data/1024_512_0.99.mat -t -a cusparse -r2500
Time for gpu_mm_sparse:conversion=0.020000
Time for gpu_mm_sparse:cusparsemm=2.010000
Time for gpu_mm_sparse:back2dense=0.000000
Time taken for gpu_mm_sparse is 2.030000
bin/mm data/32_1024_0.99.mat data/1024_512_0.99.mat -t -a denseblas -r2500
Time for gpu_mm_dense:data=0.000000
Time for gpu_mm_dense:mult=0.520000
Time taken for the gpu_mm_dense is 0.520000
bin/mm data/32_1024_0.99.mat data/1024_512_0.99.mat -t -a sparseimp -r2500
Time for gpu_mm_sparse_ProjectImp:transpose=0.000000
Time for gpu_mm_sparse_ProjectImp:conversion=0.010000
Time for gpu_mm_sparse_ProjectImp:sparsemm=0.150000
Time for gpu_mm_sparse_ProjectImp:back2host=0.000000
Time taken for gpu_mm_sparse_ProjectImp is 0.160000
m=32 k=2048 n=1024 sparsity=0.5 ITER=1000
bin/mm data/32_2048_0.5.mat data/2048_1024_0.5.mat -t -a cusparse -r1000
Time for gpu_mm_sparse:conversion=0.010000
Time for gpu_mm_sparse:cusparsemm=15.520000
Time for gpu_mm_sparse:back2dense=0.000000
Time taken for gpu_mm_sparse is 15.530000
bin/mm data/32_2048_0.5.mat data/2048_1024_0.5.mat -t -a denseblas -r1000
Time for gpu_mm_dense:data=0.000000
Time for gpu_mm_dense:mult=0.500000
Time taken for the gpu_mm_dense is 0.500000
bin/mm data/32_2048_0.5.mat data/2048_1024_0.5.mat -t -a sparseimp -r1000
Time for gpu_mm_sparse_ProjectImp:transpose=0.030000
Time for gpu_mm_sparse_ProjectImp:conversion=0.010000
Time for gpu_mm_sparse_ProjectImp:sparsemm=5.650000
Time for gpu_mm_sparse_ProjectImp:back2host=0.000000
Time taken for gpu_mm_sparse_ProjectImp is 5.690000
m=32 k=2048 n=1024 sparsity=0.8 ITER=1000
bin/mm data/32_2048_0.8.mat data/2048_1024_0.8.mat -t -a cusparse -r1000
Time for gpu_mm_sparse:conversion=0.010000
Time for gpu_mm_sparse:cusparsemm=3.360000
Time for gpu_mm_sparse:back2dense=0.000000
Time taken for gpu_mm_sparse is 3.370000
bin/mm data/32_2048_0.8.mat data/2048_1024_0.8.mat -t -a denseblas -r1000
Time for gpu_mm_dense:data=0.000000
Time for gpu_mm_dense:mult=0.430000
Time taken for the gpu_mm_dense is 0.430000
bin/mm data/32_2048_0.8.mat data/2048_1024_0.8.mat -t -a sparseimp -r1000
Time for gpu_mm_sparse_ProjectImp:transpose=0.030000
Time for gpu_mm_sparse_ProjectImp:conversion=0.020000
Time for gpu_mm_sparse_ProjectImp:sparsemm=2.840000
Time for gpu_mm_sparse_ProjectImp:back2host=0.000000
Time taken for gpu_mm_sparse_ProjectImp is 2.890000
m=32 k=2048 n=1024 sparsity=0.9 ITER=1000
bin/mm data/32_2048_0.9.mat data/2048_1024_0.9.mat -t -a cusparse -r1000
Time for gpu_mm_sparse:conversion=0.000000
Time for gpu_mm_sparse:cusparsemm=1.350000
Time for gpu_mm_sparse:back2dense=0.000000
Time taken for gpu_mm_sparse is 1.350000
bin/mm data/32_2048_0.9.mat data/2048_1024_0.9.mat -t -a denseblas -r1000
Time for gpu_mm_dense:data=0.010000
Time for gpu_mm_dense:mult=0.480000
Time taken for the gpu_mm_dense is 0.490000
bin/mm data/32_2048_0.9.mat data/2048_1024_0.9.mat -t -a sparseimp -r1000
Time for gpu_mm_sparse_ProjectImp:transpose=0.040000
Time for gpu_mm_sparse_ProjectImp:conversion=0.010000
Time for gpu_mm_sparse_ProjectImp:sparsemm=1.330000
Time for gpu_mm_sparse_ProjectImp:back2host=0.000000
Time taken for gpu_mm_sparse_ProjectImp is 1.380000
m=32 k=2048 n=1024 sparsity=0.95 ITER=1000
bin/mm data/32_2048_0.95.mat data/2048_1024_0.95.mat -t -a cusparse -r1000
Time for gpu_mm_sparse:conversion=0.010000
Time for gpu_mm_sparse:cusparsemm=1.290000
Time for gpu_mm_sparse:back2dense=0.000000
Time taken for gpu_mm_sparse is 1.300000
bin/mm data/32_2048_0.95.mat data/2048_1024_0.95.mat -t -a denseblas -r1000
Time for gpu_mm_dense:data=0.000000
Time for gpu_mm_dense:mult=0.500000
Time taken for the gpu_mm_dense is 0.500000
bin/mm data/32_2048_0.95.mat data/2048_1024_0.95.mat -t -a sparseimp -r1000
Time for gpu_mm_sparse_ProjectImp:transpose=0.040000
Time for gpu_mm_sparse_ProjectImp:conversion=0.010000
Time for gpu_mm_sparse_ProjectImp:sparsemm=0.640000
Time for gpu_mm_sparse_ProjectImp:back2host=0.000000
Time taken for gpu_mm_sparse_ProjectImp is 0.690000
m=32 k=2048 n=1024 sparsity=0.99 ITER=1000
bin/mm data/32_2048_0.99.mat data/2048_1024_0.99.mat -t -a cusparse -r1000
Time for gpu_mm_sparse:conversion=0.010000
Time for gpu_mm_sparse:cusparsemm=1.070000
Time for gpu_mm_sparse:back2dense=0.010000
Time taken for gpu_mm_sparse is 1.090000
bin/mm data/32_2048_0.99.mat data/2048_1024_0.99.mat -t -a denseblas -r1000
Time for gpu_mm_dense:data=0.000000
Time for gpu_mm_dense:mult=0.470000
Time taken for the gpu_mm_dense is 0.470000
bin/mm data/32_2048_0.99.mat data/2048_1024_0.99.mat -t -a sparseimp -r1000
Time for gpu_mm_sparse_ProjectImp:transpose=0.030000
Time for gpu_mm_sparse_ProjectImp:conversion=0.000000
Time for gpu_mm_sparse_ProjectImp:sparsemm=0.150000
Time for gpu_mm_sparse_ProjectImp:back2host=0.000000
Time taken for gpu_mm_sparse_ProjectImp is 0.180000
m=32 k=4096 n=2048 sparsity=0.5 ITER=250
bin/mm data/32_4096_0.5.mat data/4096_2048_0.5.mat -t -a cusparse -r250
Time for gpu_mm_sparse:conversion=0.010000
Time for gpu_mm_sparse:cusparsemm=15.570000
Time for gpu_mm_sparse:back2dense=0.000000
Time taken for gpu_mm_sparse is 15.590000
bin/mm data/32_4096_0.5.mat data/4096_2048_0.5.mat -t -a denseblas -r250
Time for gpu_mm_dense:data=0.000000
Time for gpu_mm_dense:mult=0.240000
Time taken for the gpu_mm_dense is 0.240000
bin/mm data/32_4096_0.5.mat data/4096_2048_0.5.mat -t -a sparseimp -r250
Time for gpu_mm_sparse_ProjectImp:transpose=0.370000
Time for gpu_mm_sparse_ProjectImp:conversion=0.020000
Time for gpu_mm_sparse_ProjectImp:sparsemm=4.650000
Time for gpu_mm_sparse_ProjectImp:back2host=0.000000
Time taken for gpu_mm_sparse_ProjectImp is 5.050000
m=32 k=4096 n=2048 sparsity=0.8 ITER=250
bin/mm data/32_4096_0.8.mat data/4096_2048_0.8.mat -t -a cusparse -r250
Time for gpu_mm_sparse:conversion=0.010000
Time for gpu_mm_sparse:cusparsemm=2.570000
Time for gpu_mm_sparse:back2dense=0.000000
Time taken for gpu_mm_sparse is 2.580000
bin/mm data/32_4096_0.8.mat data/4096_2048_0.8.mat -t -a denseblas -r250
Time for gpu_mm_dense:data=0.010000
Time for gpu_mm_dense:mult=0.220000
Time taken for the gpu_mm_dense is 0.230000
bin/mm data/32_4096_0.8.mat data/4096_2048_0.8.mat -t -a sparseimp -r250
Time for gpu_mm_sparse_ProjectImp:transpose=0.330000
Time for gpu_mm_sparse_ProjectImp:conversion=0.010000
Time for gpu_mm_sparse_ProjectImp:sparsemm=2.150000
Time for gpu_mm_sparse_ProjectImp:back2host=0.000000
Time taken for gpu_mm_sparse_ProjectImp is 2.490000
m=32 k=4096 n=2048 sparsity=0.9 ITER=250
bin/mm data/32_4096_0.9.mat data/4096_2048_0.9.mat -t -a cusparse -r250
Time for gpu_mm_sparse:conversion=0.010000
Time for gpu_mm_sparse:cusparsemm=0.840000
Time for gpu_mm_sparse:back2dense=0.000000
Time taken for gpu_mm_sparse is 0.860000
bin/mm data/32_4096_0.9.mat data/4096_2048_0.9.mat -t -a denseblas -r250
Time for gpu_mm_dense:data=0.010000
Time for gpu_mm_dense:mult=0.270000
Time taken for the gpu_mm_dense is 0.280000
bin/mm data/32_4096_0.9.mat data/4096_2048_0.9.mat -t -a sparseimp -r250
Time for gpu_mm_sparse_ProjectImp:transpose=0.260000
Time for gpu_mm_sparse_ProjectImp:conversion=0.020000
Time for gpu_mm_sparse_ProjectImp:sparsemm=1.020000
Time for gpu_mm_sparse_ProjectImp:back2host=0.000000
Time taken for gpu_mm_sparse_ProjectImp is 1.300000
m=32 k=4096 n=2048 sparsity=0.95 ITER=250
bin/mm data/32_4096_0.95.mat data/4096_2048_0.95.mat -t -a cusparse -r250
Time for gpu_mm_sparse:conversion=0.020000
Time for gpu_mm_sparse:cusparsemm=0.490000
Time for gpu_mm_sparse:back2dense=0.000000
Time taken for gpu_mm_sparse is 0.510000
bin/mm data/32_4096_0.95.mat data/4096_2048_0.95.mat -t -a denseblas -r250
Time for gpu_mm_dense:data=0.010000
Time for gpu_mm_dense:mult=0.230000
Time taken for the gpu_mm_dense is 0.240000
bin/mm data/32_4096_0.95.mat data/4096_2048_0.95.mat -t -a sparseimp -r250
Time for gpu_mm_sparse_ProjectImp:transpose=0.270000
Time for gpu_mm_sparse_ProjectImp:conversion=0.030000
Time for gpu_mm_sparse_ProjectImp:sparsemm=0.630000
Time for gpu_mm_sparse_ProjectImp:back2host=0.000000
Time taken for gpu_mm_sparse_ProjectImp is 0.930000
m=32 k=4096 n=2048 sparsity=0.99 ITER=250
bin/mm data/32_4096_0.99.mat data/4096_2048_0.99.mat -t -a cusparse -r250
Time for gpu_mm_sparse:conversion=0.010000
Time for gpu_mm_sparse:cusparsemm=0.450000
Time for gpu_mm_sparse:back2dense=0.000000
Time taken for gpu_mm_sparse is 0.460000
bin/mm data/32_4096_0.99.mat data/4096_2048_0.99.mat -t -a denseblas -r250
Time for gpu_mm_dense:data=0.010000
Time for gpu_mm_dense:mult=0.230000
Time taken for the gpu_mm_dense is 0.240000
bin/mm data/32_4096_0.99.mat data/4096_2048_0.99.mat -t -a sparseimp -r250
Time for gpu_mm_sparse_ProjectImp:transpose=0.320000
Time for gpu_mm_sparse_ProjectImp:conversion=0.020000
Time for gpu_mm_sparse_ProjectImp:sparsemm=0.170000
Time for gpu_mm_sparse_ProjectImp:back2host=0.000000
Time taken for gpu_mm_sparse_ProjectImp is 0.510000
m=32 k=8192 n=4096 sparsity=0.5 ITER=100
bin/mm data/32_8192_0.5.mat data/8192_4096_0.5.mat -t -a cusparse -r100
Time for gpu_mm_sparse:conversion=0.040000
Time for gpu_mm_sparse:cusparsemm=26.580000
Time for gpu_mm_sparse:back2dense=0.000000
Time taken for gpu_mm_sparse is 26.630000
bin/mm data/32_8192_0.5.mat data/8192_4096_0.5.mat -t -a denseblas -r100
Time for gpu_mm_dense:data=0.020000
Time for gpu_mm_dense:mult=0.350000
Time taken for the gpu_mm_dense is 0.370000
bin/mm data/32_8192_0.5.mat data/8192_4096_0.5.mat -t -a sparseimp -r100
Time for gpu_mm_sparse_ProjectImp:transpose=1.330000
Time for gpu_mm_sparse_ProjectImp:conversion=0.060000
Time for gpu_mm_sparse_ProjectImp:sparsemm=17.180000
Time for gpu_mm_sparse_ProjectImp:back2host=0.000000
Time taken for gpu_mm_sparse_ProjectImp is 18.590000
m=32 k=8192 n=4096 sparsity=0.8 ITER=100
bin/mm data/32_8192_0.8.mat data/8192_4096_0.8.mat -t -a cusparse -r100
Time for gpu_mm_sparse:conversion=0.030000
Time for gpu_mm_sparse:cusparsemm=4.360000
Time for gpu_mm_sparse:back2dense=0.000000
Time taken for gpu_mm_sparse is 4.400000
bin/mm data/32_8192_0.8.mat data/8192_4096_0.8.mat -t -a denseblas -r100
Time for gpu_mm_dense:data=0.020000
Time for gpu_mm_dense:mult=0.410000
Time taken for the gpu_mm_dense is 0.430000
bin/mm data/32_8192_0.8.mat data/8192_4096_0.8.mat -t -a sparseimp -r100
Time for gpu_mm_sparse_ProjectImp:transpose=0.810000
Time for gpu_mm_sparse_ProjectImp:conversion=0.050000
Time for gpu_mm_sparse_ProjectImp:sparsemm=3.970000
Time for gpu_mm_sparse_ProjectImp:back2host=0.000000
Time taken for gpu_mm_sparse_ProjectImp is 4.840000
m=32 k=8192 n=4096 sparsity=0.9 ITER=100
bin/mm data/32_8192_0.9.mat data/8192_4096_0.9.mat -t -a cusparse -r100
Time for gpu_mm_sparse:conversion=0.040000
Time for gpu_mm_sparse:cusparsemm=1.260000
Time for gpu_mm_sparse:back2dense=0.000000
Time taken for gpu_mm_sparse is 1.300000
bin/mm data/32_8192_0.9.mat data/8192_4096_0.9.mat -t -a denseblas -r100
Time for gpu_mm_dense:data=0.020000
Time for gpu_mm_dense:mult=0.410000
Time taken for the gpu_mm_dense is 0.430000
bin/mm data/32_8192_0.9.mat data/8192_4096_0.9.mat -t -a sparseimp -r100
Time for gpu_mm_sparse_ProjectImp:transpose=1.090000
Time for gpu_mm_sparse_ProjectImp:conversion=0.040000
Time for gpu_mm_sparse_ProjectImp:sparsemm=2.120000
Time for gpu_mm_sparse_ProjectImp:back2host=0.000000
Time taken for gpu_mm_sparse_ProjectImp is 3.270000
m=32 k=8192 n=4096 sparsity=0.95 ITER=100
bin/mm data/32_8192_0.95.mat data/8192_4096_0.95.mat -t -a cusparse -r100
Time for gpu_mm_sparse:conversion=0.040000
Time for gpu_mm_sparse:cusparsemm=0.530000
Time for gpu_mm_sparse:back2dense=0.000000
Time taken for gpu_mm_sparse is 0.570000
bin/mm data/32_8192_0.95.mat data/8192_4096_0.95.mat -t -a denseblas -r100
Time for gpu_mm_dense:data=0.020000
Time for gpu_mm_dense:mult=0.410000
Time taken for the gpu_mm_dense is 0.430000
bin/mm data/32_8192_0.95.mat data/8192_4096_0.95.mat -t -a sparseimp -r100
Time for gpu_mm_sparse_ProjectImp:transpose=1.410000
Time for gpu_mm_sparse_ProjectImp:conversion=0.040000
Time for gpu_mm_sparse_ProjectImp:sparsemm=1.220000
Time for gpu_mm_sparse_ProjectImp:back2host=0.000000
Time taken for gpu_mm_sparse_ProjectImp is 2.670000
m=32 k=8192 n=4096 sparsity=0.99 ITER=100
bin/mm data/32_8192_0.99.mat data/8192_4096_0.99.mat -t -a cusparse -r100
Time for gpu_mm_sparse:conversion=0.030000
Time for gpu_mm_sparse:cusparsemm=0.190000
Time for gpu_mm_sparse:back2dense=0.000000
Time taken for gpu_mm_sparse is 0.220000
bin/mm data/32_8192_0.99.mat data/8192_4096_0.99.mat -t -a denseblas -r100
Time for gpu_mm_dense:data=0.030000
Time for gpu_mm_dense:mult=0.440000
Time taken for the gpu_mm_dense is 0.470000
bin/mm data/32_8192_0.99.mat data/8192_4096_0.99.mat -t -a sparseimp -r100
Time for gpu_mm_sparse_ProjectImp:transpose=0.860000
Time for gpu_mm_sparse_ProjectImp:conversion=0.040000
Time for gpu_mm_sparse_ProjectImp:sparsemm=0.300000
Time for gpu_mm_sparse_ProjectImp:back2host=0.000000
Time taken for gpu_mm_sparse_ProjectImp is 1.220000
m=1024 k=256 n=128 sparsity=0.5 ITER=5000
bin/mm data/1024_256_0.5.mat data/256_128_0.5.mat -t -a cusparse -r5000
Time for gpu_mm_sparse:conversion=0.010000
Time for gpu_mm_sparse:cusparsemm=15.180000
Time for gpu_mm_sparse:back2dense=0.000000
Time taken for gpu_mm_sparse is 15.190000
bin/mm data/1024_256_0.5.mat data/256_128_0.5.mat -t -a denseblas -r5000
Time for gpu_mm_dense:data=0.000000
Time for gpu_mm_dense:mult=0.420000
Time taken for the gpu_mm_dense is 0.420000
bin/mm data/1024_256_0.5.mat data/256_128_0.5.mat -t -a sparseimp -r5000
Time for gpu_mm_sparse_ProjectImp:transpose=0.000000
Time for gpu_mm_sparse_ProjectImp:conversion=0.010000
Time for gpu_mm_sparse_ProjectImp:sparsemm=22.080000
Time for gpu_mm_sparse_ProjectImp:back2host=0.000000
Time taken for gpu_mm_sparse_ProjectImp is 22.090000
m=1024 k=256 n=128 sparsity=0.8 ITER=5000
bin/mm data/1024_256_0.8.mat data/256_128_0.8.mat -t -a cusparse -r5000
Time for gpu_mm_sparse:conversion=0.020000
Time for gpu_mm_sparse:cusparsemm=6.130000
Time for gpu_mm_sparse:back2dense=0.000000
Time taken for gpu_mm_sparse is 6.160000
bin/mm data/1024_256_0.8.mat data/256_128_0.8.mat -t -a denseblas -r5000
Time for gpu_mm_dense:data=0.000000
Time for gpu_mm_dense:mult=0.260000
Time taken for the gpu_mm_dense is 0.260000
bin/mm data/1024_256_0.8.mat data/256_128_0.8.mat -t -a sparseimp -r5000
Time for gpu_mm_sparse_ProjectImp:transpose=0.000000
Time for gpu_mm_sparse_ProjectImp:conversion=0.020000
Time for gpu_mm_sparse_ProjectImp:sparsemm=9.810000
Time for gpu_mm_sparse_ProjectImp:back2host=0.000000
Time taken for gpu_mm_sparse_ProjectImp is 9.830000
m=1024 k=256 n=128 sparsity=0.9 ITER=5000
bin/mm data/1024_256_0.9.mat data/256_128_0.9.mat -t -a cusparse -r5000
Time for gpu_mm_sparse:conversion=0.010000
Time for gpu_mm_sparse:cusparsemm=4.410000
Time for gpu_mm_sparse:back2dense=0.000000
Time taken for gpu_mm_sparse is 4.420000
bin/mm data/1024_256_0.9.mat data/256_128_0.9.mat -t -a denseblas -r5000
Time for gpu_mm_dense:data=0.000000
Time for gpu_mm_dense:mult=0.300000
Time taken for the gpu_mm_dense is 0.300000
bin/mm data/1024_256_0.9.mat data/256_128_0.9.mat -t -a sparseimp -r5000
Time for gpu_mm_sparse_ProjectImp:transpose=0.000000
Time for gpu_mm_sparse_ProjectImp:conversion=0.010000
Time for gpu_mm_sparse_ProjectImp:sparsemm=4.290000
Time for gpu_mm_sparse_ProjectImp:back2host=0.000000
Time taken for gpu_mm_sparse_ProjectImp is 4.300000
m=1024 k=256 n=128 sparsity=0.95 ITER=5000
bin/mm data/1024_256_0.95.mat data/256_128_0.95.mat -t -a cusparse -r5000
Time for gpu_mm_sparse:conversion=0.010000
Time for gpu_mm_sparse:cusparsemm=3.560000
Time for gpu_mm_sparse:back2dense=0.000000
Time taken for gpu_mm_sparse is 3.570000
bin/mm data/1024_256_0.95.mat data/256_128_0.95.mat -t -a denseblas -r5000
Time for gpu_mm_dense:data=0.000000
Time for gpu_mm_dense:mult=0.380000
Time taken for the gpu_mm_dense is 0.380000
bin/mm data/1024_256_0.95.mat data/256_128_0.95.mat -t -a sparseimp -r5000
Time for gpu_mm_sparse_ProjectImp:transpose=0.000000
Time for gpu_mm_sparse_ProjectImp:conversion=0.010000
Time for gpu_mm_sparse_ProjectImp:sparsemm=5.860000
Time for gpu_mm_sparse_ProjectImp:back2host=0.000000
Time taken for gpu_mm_sparse_ProjectImp is 5.870000
m=1024 k=256 n=128 sparsity=0.99 ITER=5000
bin/mm data/1024_256_0.99.mat data/256_128_0.99.mat -t -a cusparse -r5000
Time for gpu_mm_sparse:conversion=0.030000
Time for gpu_mm_sparse:cusparsemm=7.680000
Time for gpu_mm_sparse:back2dense=0.000000
Time taken for gpu_mm_sparse is 7.710000
bin/mm data/1024_256_0.99.mat data/256_128_0.99.mat -t -a denseblas -r5000
Time for gpu_mm_dense:data=0.000000
Time for gpu_mm_dense:mult=0.390000
Time taken for the gpu_mm_dense is 0.390000
bin/mm data/1024_256_0.99.mat data/256_128_0.99.mat -t -a sparseimp -r5000
Time for gpu_mm_sparse_ProjectImp:transpose=0.000000
Time for gpu_mm_sparse_ProjectImp:conversion=0.020000
Time for gpu_mm_sparse_ProjectImp:sparsemm=1.110000
Time for gpu_mm_sparse_ProjectImp:back2host=0.000000
Time taken for gpu_mm_sparse_ProjectImp is 1.130000
m=1024 k=512 n=256 sparsity=0.5 ITER=1000
bin/mm data/1024_512_0.5.mat data/512_256_0.5.mat -t -a cusparse -r1000
Time for gpu_mm_sparse:conversion=0.020000
Time for gpu_mm_sparse:cusparsemm=8.220000
Time for gpu_mm_sparse:back2dense=0.000000
Time taken for gpu_mm_sparse is 8.240000
bin/mm data/1024_512_0.5.mat data/512_256_0.5.mat -t -a denseblas -r1000
Time for gpu_mm_dense:data=0.000000
Time for gpu_mm_dense:mult=0.150000
Time taken for the gpu_mm_dense is 0.150000
bin/mm data/1024_512_0.5.mat data/512_256_0.5.mat -t -a sparseimp -r1000
Time for gpu_mm_sparse_ProjectImp:transpose=0.000000
Time for gpu_mm_sparse_ProjectImp:conversion=0.020000
Time for gpu_mm_sparse_ProjectImp:sparsemm=11.730000
Time for gpu_mm_sparse_ProjectImp:back2host=0.000000
Time taken for gpu_mm_sparse_ProjectImp is 11.760000
m=1024 k=512 n=256 sparsity=0.8 ITER=1000
bin/mm data/1024_512_0.8.mat data/512_256_0.8.mat -t -a cusparse -r1000
Time for gpu_mm_sparse:conversion=0.010000
Time for gpu_mm_sparse:cusparsemm=1.860000
Time for gpu_mm_sparse:back2dense=0.000000
Time taken for gpu_mm_sparse is 1.870000
bin/mm data/1024_512_0.8.mat data/512_256_0.8.mat -t -a denseblas -r1000
Time for gpu_mm_dense:data=0.000000
Time for gpu_mm_dense:mult=0.140000
Time taken for the gpu_mm_dense is 0.140000
bin/mm data/1024_512_0.8.mat data/512_256_0.8.mat -t -a sparseimp -r1000
Time for gpu_mm_sparse_ProjectImp:transpose=0.010000
Time for gpu_mm_sparse_ProjectImp:conversion=0.010000
Time for gpu_mm_sparse_ProjectImp:sparsemm=5.620000
Time for gpu_mm_sparse_ProjectImp:back2host=0.000000
Time taken for gpu_mm_sparse_ProjectImp is 5.640000
m=1024 k=512 n=256 sparsity=0.9 ITER=1000
bin/mm data/1024_512_0.9.mat data/512_256_0.9.mat -t -a cusparse -r1000
Time for gpu_mm_sparse:conversion=0.010000
Time for gpu_mm_sparse:cusparsemm=1.110000
Time for gpu_mm_sparse:back2dense=0.000000
Time taken for gpu_mm_sparse is 1.120000
bin/mm data/1024_512_0.9.mat data/512_256_0.9.mat -t -a denseblas -r1000
Time for gpu_mm_dense:data=0.010000
Time for gpu_mm_dense:mult=0.170000
Time taken for the gpu_mm_dense is 0.180000
bin/mm data/1024_512_0.9.mat data/512_256_0.9.mat -t -a sparseimp -r1000
Time for gpu_mm_sparse_ProjectImp:transpose=0.000000
Time for gpu_mm_sparse_ProjectImp:conversion=0.000000
Time for gpu_mm_sparse_ProjectImp:sparsemm=2.760000
Time for gpu_mm_sparse_ProjectImp:back2host=0.000000
Time taken for gpu_mm_sparse_ProjectImp is 2.760000
m=1024 k=512 n=256 sparsity=0.95 ITER=1000
bin/mm data/1024_512_0.95.mat data/512_256_0.95.mat -t -a cusparse -r1000
Time for gpu_mm_sparse:conversion=0.010000
Time for gpu_mm_sparse:cusparsemm=0.760000
Time for gpu_mm_sparse:back2dense=0.000000
Time taken for gpu_mm_sparse is 0.770000
bin/mm data/1024_512_0.95.mat data/512_256_0.95.mat -t -a denseblas -r1000
Time for gpu_mm_dense:data=0.000000
Time for gpu_mm_dense:mult=0.150000
Time taken for the gpu_mm_dense is 0.150000
bin/mm data/1024_512_0.95.mat data/512_256_0.95.mat -t -a sparseimp -r1000
Time for gpu_mm_sparse_ProjectImp:transpose=0.000000
Time for gpu_mm_sparse_ProjectImp:conversion=0.000000
Time for gpu_mm_sparse_ProjectImp:sparsemm=1.500000
Time for gpu_mm_sparse_ProjectImp:back2host=0.000000
Time taken for gpu_mm_sparse_ProjectImp is 1.500000
m=1024 k=512 n=256 sparsity=0.99 ITER=1000
bin/mm data/1024_512_0.99.mat data/512_256_0.99.mat -t -a cusparse -r1000
Time for gpu_mm_sparse:conversion=0.010000
Time for gpu_mm_sparse:cusparsemm=0.670000
Time for gpu_mm_sparse:back2dense=0.000000
Time taken for gpu_mm_sparse is 0.680000
bin/mm data/1024_512_0.99.mat data/512_256_0.99.mat -t -a denseblas -r1000
Time for gpu_mm_dense:data=0.000000
Time for gpu_mm_dense:mult=0.140000
Time taken for the gpu_mm_dense is 0.140000
bin/mm data/1024_512_0.99.mat data/512_256_0.99.mat -t -a sparseimp -r1000
Time for gpu_mm_sparse_ProjectImp:transpose=0.000000
Time for gpu_mm_sparse_ProjectImp:conversion=0.020000
Time for gpu_mm_sparse_ProjectImp:sparsemm=0.570000
Time for gpu_mm_sparse_ProjectImp:back2host=0.000000
Time taken for gpu_mm_sparse_ProjectImp is 0.590000
m=1024 k=1024 n=512 sparsity=0.5 ITER=250
bin/mm data/1024_1024_0.5.mat data/1024_512_0.5.mat -t -a cusparse -r250
Time for gpu_mm_sparse:conversion=0.010000
Time for gpu_mm_sparse:cusparsemm=5.510000
Time for gpu_mm_sparse:back2dense=0.000000
Time taken for gpu_mm_sparse is 5.520000
bin/mm data/1024_1024_0.5.mat data/1024_512_0.5.mat -t -a denseblas -r250
Time for gpu_mm_dense:data=0.000000
Time for gpu_mm_dense:mult=0.340000
Time taken for the gpu_mm_dense is 0.340000
bin/mm data/1024_1024_0.5.mat data/1024_512_0.5.mat -t -a sparseimp -r250
Time for gpu_mm_sparse_ProjectImp:transpose=0.010000
Time for gpu_mm_sparse_ProjectImp:conversion=0.010000
Time for gpu_mm_sparse_ProjectImp:sparsemm=9.930000
Time for gpu_mm_sparse_ProjectImp:back2host=0.000000
Time taken for gpu_mm_sparse_ProjectImp is 9.960000
m=1024 k=1024 n=512 sparsity=0.8 ITER=250
bin/mm data/1024_1024_0.8.mat data/1024_512_0.8.mat -t -a cusparse -r250
Time for gpu_mm_sparse:conversion=0.000000
Time for gpu_mm_sparse:cusparsemm=1.410000
Time for gpu_mm_sparse:back2dense=0.000000
Time taken for gpu_mm_sparse is 1.410000
bin/mm data/1024_1024_0.8.mat data/1024_512_0.8.mat -t -a denseblas -r250
Time for gpu_mm_dense:data=0.010000
Time for gpu_mm_dense:mult=0.260000
Time taken for the gpu_mm_dense is 0.270000
bin/mm data/1024_1024_0.8.mat data/1024_512_0.8.mat -t -a sparseimp -r250
Time for gpu_mm_sparse_ProjectImp:transpose=0.010000
Time for gpu_mm_sparse_ProjectImp:conversion=0.010000
Time for gpu_mm_sparse_ProjectImp:sparsemm=5.310000
Time for gpu_mm_sparse_ProjectImp:back2host=0.000000
Time taken for gpu_mm_sparse_ProjectImp is 5.350000
m=1024 k=1024 n=512 sparsity=0.9 ITER=250
bin/mm data/1024_1024_0.9.mat data/1024_512_0.9.mat -t -a cusparse -r250
Time for gpu_mm_sparse:conversion=0.010000
Time for gpu_mm_sparse:cusparsemm=0.510000
Time for gpu_mm_sparse:back2dense=0.000000
Time taken for gpu_mm_sparse is 0.520000
bin/mm data/1024_1024_0.9.mat data/1024_512_0.9.mat -t -a denseblas -r250
Time for gpu_mm_dense:data=0.000000
Time for gpu_mm_dense:mult=0.160000
Time taken for the gpu_mm_dense is 0.160000
bin/mm data/1024_1024_0.9.mat data/1024_512_0.9.mat -t -a sparseimp -r250
Time for gpu_mm_sparse_ProjectImp:transpose=0.010000
Time for gpu_mm_sparse_ProjectImp:conversion=0.000000
Time for gpu_mm_sparse_ProjectImp:sparsemm=2.400000
Time for gpu_mm_sparse_ProjectImp:back2host=0.000000
Time taken for gpu_mm_sparse_ProjectImp is 2.410000
m=1024 k=1024 n=512 sparsity=0.95 ITER=250
bin/mm data/1024_1024_0.95.mat data/1024_512_0.95.mat -t -a cusparse -r250
Time for gpu_mm_sparse:conversion=0.000000
Time for gpu_mm_sparse:cusparsemm=0.450000
Time for gpu_mm_sparse:back2dense=0.000000
Time taken for gpu_mm_sparse is 0.450000
bin/mm data/1024_1024_0.95.mat data/1024_512_0.95.mat -t -a denseblas -r250
Time for gpu_mm_dense:data=0.000000
Time for gpu_mm_dense:mult=0.130000
Time taken for the gpu_mm_dense is 0.130000
bin/mm data/1024_1024_0.95.mat data/1024_512_0.95.mat -t -a sparseimp -r250
Time for gpu_mm_sparse_ProjectImp:transpose=0.010000
Time for gpu_mm_sparse_ProjectImp:conversion=0.010000
Time for gpu_mm_sparse_ProjectImp:sparsemm=1.290000
Time for gpu_mm_sparse_ProjectImp:back2host=0.000000
Time taken for gpu_mm_sparse_ProjectImp is 1.310000
m=1024 k=1024 n=512 sparsity=0.99 ITER=250
bin/mm data/1024_1024_0.99.mat data/1024_512_0.99.mat -t -a cusparse -r250
Time for gpu_mm_sparse:conversion=0.010000
Time for gpu_mm_sparse:cusparsemm=0.280000
Time for gpu_mm_sparse:back2dense=0.000000
Time taken for gpu_mm_sparse is 0.290000
bin/mm data/1024_1024_0.99.mat data/1024_512_0.99.mat -t -a denseblas -r250
Time for gpu_mm_dense:data=0.000000
Time for gpu_mm_dense:mult=0.200000
Time taken for the gpu_mm_dense is 0.200000
bin/mm data/1024_1024_0.99.mat data/1024_512_0.99.mat -t -a sparseimp -r250
Time for gpu_mm_sparse_ProjectImp:transpose=0.010000
Time for gpu_mm_sparse_ProjectImp:conversion=0.020000
Time for gpu_mm_sparse_ProjectImp:sparsemm=0.240000
Time for gpu_mm_sparse_ProjectImp:back2host=0.000000
Time taken for gpu_mm_sparse_ProjectImp is 0.270000
m=1024 k=2048 n=1024 sparsity=0.5 ITER=100
bin/mm data/1024_2048_0.5.mat data/2048_1024_0.5.mat -t -a cusparse -r100
Time for gpu_mm_sparse:conversion=0.010000
Time for gpu_mm_sparse:cusparsemm=7.850000
Time for gpu_mm_sparse:back2dense=0.000000
Time taken for gpu_mm_sparse is 7.870000
bin/mm data/1024_2048_0.5.mat data/2048_1024_0.5.mat -t -a denseblas -r100
Time for gpu_mm_dense:data=0.000000
Time for gpu_mm_dense:mult=0.200000
Time taken for the gpu_mm_dense is 0.200000
bin/mm data/1024_2048_0.5.mat data/2048_1024_0.5.mat -t -a sparseimp -r100
Time for gpu_mm_sparse_ProjectImp:transpose=0.030000
Time for gpu_mm_sparse_ProjectImp:conversion=0.010000
Time for gpu_mm_sparse_ProjectImp:sparsemm=14.870000
Time for gpu_mm_sparse_ProjectImp:back2host=0.000000
Time taken for gpu_mm_sparse_ProjectImp is 14.920000
m=1024 k=2048 n=1024 sparsity=0.8 ITER=100
bin/mm data/1024_2048_0.8.mat data/2048_1024_0.8.mat -t -a cusparse -r100
Time for gpu_mm_sparse:conversion=0.010000
Time for gpu_mm_sparse:cusparsemm=1.420000
Time for gpu_mm_sparse:back2dense=0.000000
Time taken for gpu_mm_sparse is 1.430000
bin/mm data/1024_2048_0.8.mat data/2048_1024_0.8.mat -t -a denseblas -r100
Time for gpu_mm_dense:data=0.010000
Time for gpu_mm_dense:mult=0.180000
Time taken for the gpu_mm_dense is 0.190000
bin/mm data/1024_2048_0.8.mat data/2048_1024_0.8.mat -t -a sparseimp -r100
Time for gpu_mm_sparse_ProjectImp:transpose=0.030000
Time for gpu_mm_sparse_ProjectImp:conversion=0.020000
Time for gpu_mm_sparse_ProjectImp:sparsemm=6.810000
Time for gpu_mm_sparse_ProjectImp:back2host=0.000000
Time taken for gpu_mm_sparse_ProjectImp is 6.860000
m=1024 k=2048 n=1024 sparsity=0.9 ITER=100
bin/mm data/1024_2048_0.9.mat data/2048_1024_0.9.mat -t -a cusparse -r100
Time for gpu_mm_sparse:conversion=0.020000
Time for gpu_mm_sparse:cusparsemm=0.520000
Time for gpu_mm_sparse:back2dense=0.000000
Time taken for gpu_mm_sparse is 0.540000
bin/mm data/1024_2048_0.9.mat data/2048_1024_0.9.mat -t -a denseblas -r100
Time for gpu_mm_dense:data=0.010000
Time for gpu_mm_dense:mult=0.190000
Time taken for the gpu_mm_dense is 0.200000
bin/mm data/1024_2048_0.9.mat data/2048_1024_0.9.mat -t -a sparseimp -r100
Time for gpu_mm_sparse_ProjectImp:transpose=0.030000
Time for gpu_mm_sparse_ProjectImp:conversion=0.030000
Time for gpu_mm_sparse_ProjectImp:sparsemm=3.190000
Time for gpu_mm_sparse_ProjectImp:back2host=0.000000
Time taken for gpu_mm_sparse_ProjectImp is 3.260000
m=1024 k=2048 n=1024 sparsity=0.95 ITER=100
bin/mm data/1024_2048_0.95.mat data/2048_1024_0.95.mat -t -a cusparse -r100
Time for gpu_mm_sparse:conversion=0.010000
Time for gpu_mm_sparse:cusparsemm=0.190000
Time for gpu_mm_sparse:back2dense=0.010000
Time taken for gpu_mm_sparse is 0.210000
bin/mm data/1024_2048_0.95.mat data/2048_1024_0.95.mat -t -a denseblas -r100
Time for gpu_mm_dense:data=0.000000
Time for gpu_mm_dense:mult=0.200000
Time taken for the gpu_mm_dense is 0.200000
bin/mm data/1024_2048_0.95.mat data/2048_1024_0.95.mat -t -a sparseimp -r100
Time for gpu_mm_sparse_ProjectImp:transpose=0.060000
Time for gpu_mm_sparse_ProjectImp:conversion=0.000000
Time for gpu_mm_sparse_ProjectImp:sparsemm=1.830000
Time for gpu_mm_sparse_ProjectImp:back2host=0.000000
Time taken for gpu_mm_sparse_ProjectImp is 1.890000
m=1024 k=2048 n=1024 sparsity=0.99 ITER=100
bin/mm data/1024_2048_0.99.mat data/2048_1024_0.99.mat -t -a cusparse -r100
Time for gpu_mm_sparse:conversion=0.020000
Time for gpu_mm_sparse:cusparsemm=0.120000
Time for gpu_mm_sparse:back2dense=0.010000
Time taken for gpu_mm_sparse is 0.150000
bin/mm data/1024_2048_0.99.mat data/2048_1024_0.99.mat -t -a denseblas -r100
Time for gpu_mm_dense:data=0.030000
Time for gpu_mm_dense:mult=0.110000
Time taken for the gpu_mm_dense is 0.140000
bin/mm data/1024_2048_0.99.mat data/2048_1024_0.99.mat -t -a sparseimp -r100
Time for gpu_mm_sparse_ProjectImp:transpose=0.050000
Time for gpu_mm_sparse_ProjectImp:conversion=0.020000
Time for gpu_mm_sparse_ProjectImp:sparsemm=0.400000
Time for gpu_mm_sparse_ProjectImp:back2host=0.000000
Time taken for gpu_mm_sparse_ProjectImp is 0.480000
m=1024 k=4096 n=2048 sparsity=0.5 ITER=25
bin/mm data/1024_4096_0.5.mat data/4096_2048_0.5.mat -t -a cusparse -r25
Time for gpu_mm_sparse:conversion=0.020000
Time for gpu_mm_sparse:cusparsemm=8.130000
Time for gpu_mm_sparse:back2dense=0.010000
Time taken for gpu_mm_sparse is 8.160000
bin/mm data/1024_4096_0.5.mat data/4096_2048_0.5.mat -t -a denseblas -r25
Time for gpu_mm_dense:data=0.010000
Time for gpu_mm_dense:mult=0.150000
Time taken for the gpu_mm_dense is 0.160000
bin/mm data/1024_4096_0.5.mat data/4096_2048_0.5.mat -t -a sparseimp -r25
Time for gpu_mm_sparse_ProjectImp:transpose=0.260000
Time for gpu_mm_sparse_ProjectImp:conversion=0.020000
Time for gpu_mm_sparse_ProjectImp:sparsemm=15.290000
Time for gpu_mm_sparse_ProjectImp:back2host=0.000000
Time taken for gpu_mm_sparse_ProjectImp is 15.570000
m=1024 k=4096 n=2048 sparsity=0.8 ITER=25
bin/mm data/1024_4096_0.8.mat data/4096_2048_0.8.mat -t -a cusparse -r25
Time for gpu_mm_sparse:conversion=0.050000
Time for gpu_mm_sparse:cusparsemm=1.280000
Time for gpu_mm_sparse:back2dense=0.000000
Time taken for gpu_mm_sparse is 1.340000
bin/mm data/1024_4096_0.8.mat data/4096_2048_0.8.mat -t -a denseblas -r25
Time for gpu_mm_dense:data=0.000000
Time for gpu_mm_dense:mult=0.170000
Time taken for the gpu_mm_dense is 0.170000
bin/mm data/1024_4096_0.8.mat data/4096_2048_0.8.mat -t -a sparseimp -r25
Time for gpu_mm_sparse_ProjectImp:transpose=0.330000
Time for gpu_mm_sparse_ProjectImp:conversion=0.020000
Time for gpu_mm_sparse_ProjectImp:sparsemm=6.160000
Time for gpu_mm_sparse_ProjectImp:back2host=0.000000
Time taken for gpu_mm_sparse_ProjectImp is 6.520000
m=1024 k=4096 n=2048 sparsity=0.9 ITER=25
bin/mm data/1024_4096_0.9.mat data/4096_2048_0.9.mat -t -a cusparse -r25
Time for gpu_mm_sparse:conversion=0.030000
Time for gpu_mm_sparse:cusparsemm=0.360000
Time for gpu_mm_sparse:back2dense=0.000000
Time taken for gpu_mm_sparse is 0.390000
bin/mm data/1024_4096_0.9.mat data/4096_2048_0.9.mat -t -a denseblas -r25
Time for gpu_mm_dense:data=0.000000
Time for gpu_mm_dense:mult=0.140000
Time taken for the gpu_mm_dense is 0.140000
bin/mm data/1024_4096_0.9.mat data/4096_2048_0.9.mat -t -a sparseimp -r25
Time for gpu_mm_sparse_ProjectImp:transpose=0.240000
Time for gpu_mm_sparse_ProjectImp:conversion=0.030000
Time for gpu_mm_sparse_ProjectImp:sparsemm=3.290000
Time for gpu_mm_sparse_ProjectImp:back2host=0.000000
Time taken for gpu_mm_sparse_ProjectImp is 3.560000
m=1024 k=4096 n=2048 sparsity=0.95 ITER=25
bin/mm data/1024_4096_0.95.mat data/4096_2048_0.95.mat -t -a cusparse -r25
Time for gpu_mm_sparse:conversion=0.030000
Time for gpu_mm_sparse:cusparsemm=0.230000
Time for gpu_mm_sparse:back2dense=0.020000
Time taken for gpu_mm_sparse is 0.280000
bin/mm data/1024_4096_0.95.mat data/4096_2048_0.95.mat -t -a denseblas -r25
Time for gpu_mm_dense:data=0.020000
Time for gpu_mm_dense:mult=0.160000
Time taken for the gpu_mm_dense is 0.180000
bin/mm data/1024_4096_0.95.mat data/4096_2048_0.95.mat -t -a sparseimp -r25
Time for gpu_mm_sparse_ProjectImp:transpose=0.260000
Time for gpu_mm_sparse_ProjectImp:conversion=0.020000
Time for gpu_mm_sparse_ProjectImp:sparsemm=1.910000
Time for gpu_mm_sparse_ProjectImp:back2host=0.000000
Time taken for gpu_mm_sparse_ProjectImp is 2.190000
m=1024 k=4096 n=2048 sparsity=0.99 ITER=25
bin/mm data/1024_4096_0.99.mat data/4096_2048_0.99.mat -t -a cusparse -r25
Time for gpu_mm_sparse:conversion=0.030000
Time for gpu_mm_sparse:cusparsemm=0.080000
Time for gpu_mm_sparse:back2dense=0.000000
Time taken for gpu_mm_sparse is 0.110000
bin/mm data/1024_4096_0.99.mat data/4096_2048_0.99.mat -t -a denseblas -r25
Time for gpu_mm_dense:data=0.040000
Time for gpu_mm_dense:mult=0.210000
Time taken for the gpu_mm_dense is 0.250000
bin/mm data/1024_4096_0.99.mat data/4096_2048_0.99.mat -t -a sparseimp -r25
Time for gpu_mm_sparse_ProjectImp:transpose=0.250000
Time for gpu_mm_sparse_ProjectImp:conversion=0.030000
Time for gpu_mm_sparse_ProjectImp:sparsemm=0.520000
Time for gpu_mm_sparse_ProjectImp:back2host=0.000000
Time taken for gpu_mm_sparse_ProjectImp is 0.800000
m=1024 k=8192 n=4096 sparsity=0.5 ITER=10
bin/mm data/1024_8192_0.5.mat data/8192_4096_0.5.mat -t -a cusparse -r10
Time for gpu_mm_sparse:conversion=0.080000
Time for gpu_mm_sparse:cusparsemm=15.220000
Time for gpu_mm_sparse:back2dense=0.020000
Time taken for gpu_mm_sparse is 15.330000
bin/mm data/1024_8192_0.5.mat data/8192_4096_0.5.mat -t -a denseblas -r10
Time for gpu_mm_dense:data=0.030000
Time for gpu_mm_dense:mult=0.250000
Time taken for the gpu_mm_dense is 0.280000
bin/mm data/1024_8192_0.5.mat data/8192_4096_0.5.mat -t -a sparseimp -r10
Time for gpu_mm_sparse_ProjectImp:transpose=1.510000
Time for gpu_mm_sparse_ProjectImp:conversion=0.050000
Time for gpu_mm_sparse_ProjectImp:sparsemm=62.510000
Time for gpu_mm_sparse_ProjectImp:back2host=0.010000
Time taken for gpu_mm_sparse_ProjectImp is 64.080000
m=1024 k=8192 n=4096 sparsity=0.8 ITER=10
bin/mm data/1024_8192_0.8.mat data/8192_4096_0.8.mat -t -a cusparse -r10
Time for gpu_mm_sparse:conversion=0.050000
Time for gpu_mm_sparse:cusparsemm=2.270000
Time for gpu_mm_sparse:back2dense=0.010000
Time taken for gpu_mm_sparse is 2.330000
bin/mm data/1024_8192_0.8.mat data/8192_4096_0.8.mat -t -a denseblas -r10
Time for gpu_mm_dense:data=0.020000
Time for gpu_mm_dense:mult=0.260000
Time taken for the gpu_mm_dense is 0.280000
bin/mm data/1024_8192_0.8.mat data/8192_4096_0.8.mat -t -a sparseimp -r10
Time for gpu_mm_sparse_ProjectImp:transpose=0.790000
Time for gpu_mm_sparse_ProjectImp:conversion=0.050000
Time for gpu_mm_sparse_ProjectImp:sparsemm=11.200000
Time for gpu_mm_sparse_ProjectImp:back2host=0.020000
Time taken for gpu_mm_sparse_ProjectImp is 12.070000
m=1024 k=8192 n=4096 sparsity=0.9 ITER=10
bin/mm data/1024_8192_0.9.mat data/8192_4096_0.9.mat -t -a cusparse -r10
Time for gpu_mm_sparse:conversion=0.070000
Time for gpu_mm_sparse:cusparsemm=0.610000
Time for gpu_mm_sparse:back2dense=0.020000
Time taken for gpu_mm_sparse is 0.700000
bin/mm data/1024_8192_0.9.mat data/8192_4096_0.9.mat -t -a denseblas -r10
Time for gpu_mm_dense:data=0.020000
Time for gpu_mm_dense:mult=0.230000
Time taken for the gpu_mm_dense is 0.250000
bin/mm data/1024_8192_0.9.mat data/8192_4096_0.9.mat -t -a sparseimp -r10
Time for gpu_mm_sparse_ProjectImp:transpose=1.800000
Time for gpu_mm_sparse_ProjectImp:conversion=0.090000
Time for gpu_mm_sparse_ProjectImp:sparsemm=6.300000
Time for gpu_mm_sparse_ProjectImp:back2host=0.000000
Time taken for gpu_mm_sparse_ProjectImp is 8.220000
m=1024 k=8192 n=4096 sparsity=0.95 ITER=10
bin/mm data/1024_8192_0.95.mat data/8192_4096_0.95.mat -t -a cusparse -r10
Time for gpu_mm_sparse:conversion=0.040000
Time for gpu_mm_sparse:cusparsemm=0.220000
Time for gpu_mm_sparse:back2dense=0.010000
Time taken for gpu_mm_sparse is 0.280000
bin/mm data/1024_8192_0.95.mat data/8192_4096_0.95.mat -t -a denseblas -r10
Time for gpu_mm_dense:data=0.060000
Time for gpu_mm_dense:mult=0.250000
Time taken for the gpu_mm_dense is 0.310000
bin/mm data/1024_8192_0.95.mat data/8192_4096_0.95.mat -t -a sparseimp -r10
Time for gpu_mm_sparse_ProjectImp:transpose=1.230000
Time for gpu_mm_sparse_ProjectImp:conversion=0.050000
Time for gpu_mm_sparse_ProjectImp:sparsemm=4.370000
Time for gpu_mm_sparse_ProjectImp:back2host=0.000000
Time taken for gpu_mm_sparse_ProjectImp is 5.660000
m=1024 k=8192 n=4096 sparsity=0.99 ITER=10
bin/mm data/1024_8192_0.99.mat data/8192_4096_0.99.mat -t -a cusparse -r10
Time for gpu_mm_sparse:conversion=0.070000
Time for gpu_mm_sparse:cusparsemm=0.040000
Time for gpu_mm_sparse:back2dense=0.000000
Time taken for gpu_mm_sparse is 0.120000
bin/mm data/1024_8192_0.99.mat data/8192_4096_0.99.mat -t -a denseblas -r10
Time for gpu_mm_dense:data=0.020000
Time for gpu_mm_dense:mult=0.210000
Time taken for the gpu_mm_dense is 0.230000
bin/mm data/1024_8192_0.99.mat data/8192_4096_0.99.mat -t -a sparseimp -r10
Time for gpu_mm_sparse_ProjectImp:transpose=1.270000
Time for gpu_mm_sparse_ProjectImp:conversion=0.080000
Time for gpu_mm_sparse_ProjectImp:sparsemm=0.870000
Time for gpu_mm_sparse_ProjectImp:back2host=0.010000
Time taken for gpu_mm_sparse_ProjectImp is 2.230000
