m=32 k=256 n=128 sparsity=0.5 ITER=50000
bin/mm data/32_256_0.5.mat data/256_128_0.5.mat -t -a cusparse -r50000
Time for gpu_mm_sparse:conversion=0.020000
Time for gpu_mm_sparse:cusparsemm=53.890000
Time for gpu_mm_sparse:back2dense=0.010000
Time taken for gpu_mm_sparse is 53.920000
bin/mm data/32_256_0.5.mat data/256_128_0.5.mat -t -a denseblas -r50000
Time for gpu_mm_dense:data=0.000000
Time for gpu_mm_dense:mult=1.260000
Time taken for the gpu_mm_dense is 1.260000
bin/mm data/32_256_0.5.mat data/256_128_0.5.mat -t -a sparseimp -r50000
Time for gpu_mm_sparse_ProjectImp:transpose=0.000000
Time for gpu_mm_sparse_ProjectImp:conversion=0.000000
Time for gpu_mm_sparse_ProjectImp:sparsemm=16.110000
Time for gpu_mm_sparse_ProjectImp:back2host=0.000000
Time taken for gpu_mm_sparse_ProjectImp is 16.110000
m=32 k=256 n=128 sparsity=0.8 ITER=50000
bin/mm data/32_256_0.8.mat data/256_128_0.8.mat -t -a cusparse -r50000
Time for gpu_mm_sparse:conversion=0.000000
Time for gpu_mm_sparse:cusparsemm=53.950000
Time for gpu_mm_sparse:back2dense=0.000000
Time taken for gpu_mm_sparse is 53.950000
bin/mm data/32_256_0.8.mat data/256_128_0.8.mat -t -a denseblas -r50000
Time for gpu_mm_dense:data=0.000000
Time for gpu_mm_dense:mult=1.210000
Time taken for the gpu_mm_dense is 1.210000
bin/mm data/32_256_0.8.mat data/256_128_0.8.mat -t -a sparseimp -r50000
Time for gpu_mm_sparse_ProjectImp:transpose=0.000000
Time for gpu_mm_sparse_ProjectImp:conversion=0.000000
Time for gpu_mm_sparse_ProjectImp:sparsemm=7.730000
Time for gpu_mm_sparse_ProjectImp:back2host=0.000000
Time taken for gpu_mm_sparse_ProjectImp is 7.730000
m=32 k=256 n=128 sparsity=0.9 ITER=50000
bin/mm data/32_256_0.9.mat data/256_128_0.9.mat -t -a cusparse -r50000
Time for gpu_mm_sparse:conversion=0.010000
Time for gpu_mm_sparse:cusparsemm=38.690000
Time for gpu_mm_sparse:back2dense=0.000000
Time taken for gpu_mm_sparse is 38.700000
bin/mm data/32_256_0.9.mat data/256_128_0.9.mat -t -a denseblas -r50000
Time for gpu_mm_dense:data=0.000000
Time for gpu_mm_dense:mult=1.220000
Time taken for the gpu_mm_dense is 1.220000
bin/mm data/32_256_0.9.mat data/256_128_0.9.mat -t -a sparseimp -r50000
Time for gpu_mm_sparse_ProjectImp:transpose=0.000000
Time for gpu_mm_sparse_ProjectImp:conversion=0.010000
Time for gpu_mm_sparse_ProjectImp:sparsemm=4.090000
Time for gpu_mm_sparse_ProjectImp:back2host=0.000000
Time taken for gpu_mm_sparse_ProjectImp is 4.100000
m=32 k=256 n=128 sparsity=0.95 ITER=50000
bin/mm data/32_256_0.95.mat data/256_128_0.95.mat -t -a cusparse -r50000
Time for gpu_mm_sparse:conversion=0.000000
Time for gpu_mm_sparse:cusparsemm=35.450000
Time for gpu_mm_sparse:back2dense=0.010000
Time taken for gpu_mm_sparse is 35.460000
bin/mm data/32_256_0.95.mat data/256_128_0.95.mat -t -a denseblas -r50000
Time for gpu_mm_dense:data=0.000000
Time for gpu_mm_dense:mult=1.280000
Time taken for the gpu_mm_dense is 1.280000
bin/mm data/32_256_0.95.mat data/256_128_0.95.mat -t -a sparseimp -r50000
Time for gpu_mm_sparse_ProjectImp:transpose=0.010000
Time for gpu_mm_sparse_ProjectImp:conversion=0.000000
Time for gpu_mm_sparse_ProjectImp:sparsemm=2.420000
Time for gpu_mm_sparse_ProjectImp:back2host=0.000000
Time taken for gpu_mm_sparse_ProjectImp is 2.430000
m=32 k=256 n=128 sparsity=0.99 ITER=50000
bin/mm data/32_256_0.99.mat data/256_128_0.99.mat -t -a cusparse -r50000
Time for gpu_mm_sparse:conversion=0.010000
Time for gpu_mm_sparse:cusparsemm=31.350000
Time for gpu_mm_sparse:back2dense=0.000000
Time taken for gpu_mm_sparse is 31.360000
bin/mm data/32_256_0.99.mat data/256_128_0.99.mat -t -a denseblas -r50000
Time for gpu_mm_dense:data=0.000000
Time for gpu_mm_dense:mult=1.110000
Time taken for the gpu_mm_dense is 1.110000
bin/mm data/32_256_0.99.mat data/256_128_0.99.mat -t -a sparseimp -r50000
Time for gpu_mm_sparse_ProjectImp:transpose=0.000000
Time for gpu_mm_sparse_ProjectImp:conversion=0.010000
Time for gpu_mm_sparse_ProjectImp:sparsemm=0.870000
Time for gpu_mm_sparse_ProjectImp:back2host=0.000000
Time taken for gpu_mm_sparse_ProjectImp is 0.880000
m=32 k=512 n=256 sparsity=0.5 ITER=10000
bin/mm data/32_512_0.5.mat data/512_256_0.5.mat -t -a cusparse -r10000
Time for gpu_mm_sparse:conversion=0.020000
Time for gpu_mm_sparse:cusparsemm=18.470000
Time for gpu_mm_sparse:back2dense=0.000000
Time taken for gpu_mm_sparse is 18.490000
bin/mm data/32_512_0.5.mat data/512_256_0.5.mat -t -a denseblas -r10000
Time for gpu_mm_dense:data=0.000000
Time for gpu_mm_dense:mult=1.040000
Time taken for the gpu_mm_dense is 1.040000
bin/mm data/32_512_0.5.mat data/512_256_0.5.mat -t -a sparseimp -r10000
Time for gpu_mm_sparse_ProjectImp:transpose=0.000000
Time for gpu_mm_sparse_ProjectImp:conversion=0.010000
Time for gpu_mm_sparse_ProjectImp:sparsemm=6.760000
Time for gpu_mm_sparse_ProjectImp:back2host=0.000000
Time taken for gpu_mm_sparse_ProjectImp is 6.770000
m=32 k=512 n=256 sparsity=0.8 ITER=10000
bin/mm data/32_512_0.8.mat data/512_256_0.8.mat -t -a cusparse -r10000
Time for gpu_mm_sparse:conversion=0.000000
Time for gpu_mm_sparse:cusparsemm=12.320000
Time for gpu_mm_sparse:back2dense=0.000000
Time taken for gpu_mm_sparse is 12.320000
bin/mm data/32_512_0.8.mat data/512_256_0.8.mat -t -a denseblas -r10000
Time for gpu_mm_dense:data=0.000000
Time for gpu_mm_dense:mult=1.040000
Time taken for the gpu_mm_dense is 1.040000
bin/mm data/32_512_0.8.mat data/512_256_0.8.mat -t -a sparseimp -r10000
Time for gpu_mm_sparse_ProjectImp:transpose=0.000000
Time for gpu_mm_sparse_ProjectImp:conversion=0.010000
Time for gpu_mm_sparse_ProjectImp:sparsemm=3.060000
Time for gpu_mm_sparse_ProjectImp:back2host=0.000000
Time taken for gpu_mm_sparse_ProjectImp is 3.070000
m=32 k=512 n=256 sparsity=0.9 ITER=10000
bin/mm data/32_512_0.9.mat data/512_256_0.9.mat -t -a cusparse -r10000
Time for gpu_mm_sparse:conversion=0.010000
Time for gpu_mm_sparse:cusparsemm=11.010000
Time for gpu_mm_sparse:back2dense=0.000000
Time taken for gpu_mm_sparse is 11.020000
bin/mm data/32_512_0.9.mat data/512_256_0.9.mat -t -a denseblas -r10000
Time for gpu_mm_dense:data=0.000000
Time for gpu_mm_dense:mult=1.200000
Time taken for the gpu_mm_dense is 1.200000
bin/mm data/32_512_0.9.mat data/512_256_0.9.mat -t -a sparseimp -r10000
Time for gpu_mm_sparse_ProjectImp:transpose=0.000000
Time for gpu_mm_sparse_ProjectImp:conversion=0.000000
Time for gpu_mm_sparse_ProjectImp:sparsemm=1.370000
Time for gpu_mm_sparse_ProjectImp:back2host=0.000000
Time taken for gpu_mm_sparse_ProjectImp is 1.370000
m=32 k=512 n=256 sparsity=0.95 ITER=10000
bin/mm data/32_512_0.95.mat data/512_256_0.95.mat -t -a cusparse -r10000
Time for gpu_mm_sparse:conversion=0.020000
Time for gpu_mm_sparse:cusparsemm=8.780000
Time for gpu_mm_sparse:back2dense=0.000000
Time taken for gpu_mm_sparse is 8.800000
bin/mm data/32_512_0.95.mat data/512_256_0.95.mat -t -a denseblas -r10000
Time for gpu_mm_dense:data=0.010000
Time for gpu_mm_dense:mult=1.110000
Time taken for the gpu_mm_dense is 1.120000
bin/mm data/32_512_0.95.mat data/512_256_0.95.mat -t -a sparseimp -r10000
Time for gpu_mm_sparse_ProjectImp:transpose=0.000000
Time for gpu_mm_sparse_ProjectImp:conversion=0.010000
Time for gpu_mm_sparse_ProjectImp:sparsemm=0.920000
Time for gpu_mm_sparse_ProjectImp:back2host=0.000000
Time taken for gpu_mm_sparse_ProjectImp is 0.930000
m=32 k=512 n=256 sparsity=0.99 ITER=10000
bin/mm data/32_512_0.99.mat data/512_256_0.99.mat -t -a cusparse -r10000
Time for gpu_mm_sparse:conversion=0.010000
Time for gpu_mm_sparse:cusparsemm=6.310000
Time for gpu_mm_sparse:back2dense=0.000000
Time taken for gpu_mm_sparse is 6.320000
bin/mm data/32_512_0.99.mat data/512_256_0.99.mat -t -a denseblas -r10000
Time for gpu_mm_dense:data=0.000000
Time for gpu_mm_dense:mult=1.140000
Time taken for the gpu_mm_dense is 1.140000
bin/mm data/32_512_0.99.mat data/512_256_0.99.mat -t -a sparseimp -r10000
Time for gpu_mm_sparse_ProjectImp:transpose=0.000000
Time for gpu_mm_sparse_ProjectImp:conversion=0.020000
Time for gpu_mm_sparse_ProjectImp:sparsemm=0.300000
Time for gpu_mm_sparse_ProjectImp:back2host=0.000000
Time taken for gpu_mm_sparse_ProjectImp is 0.320000
m=32 k=1024 n=512 sparsity=0.5 ITER=2500
bin/mm data/32_1024_0.5.mat data/1024_512_0.5.mat -t -a cusparse -r2500
Time for gpu_mm_sparse:conversion=0.000000
Time for gpu_mm_sparse:cusparsemm=11.510000
Time for gpu_mm_sparse:back2dense=0.000000
Time taken for gpu_mm_sparse is 11.510000
bin/mm data/32_1024_0.5.mat data/1024_512_0.5.mat -t -a denseblas -r2500
Time for gpu_mm_dense:data=0.000000
Time for gpu_mm_dense:mult=0.540000
Time taken for the gpu_mm_dense is 0.540000
bin/mm data/32_1024_0.5.mat data/1024_512_0.5.mat -t -a sparseimp -r2500
Time for gpu_mm_sparse_ProjectImp:transpose=0.010000
Time for gpu_mm_sparse_ProjectImp:conversion=0.000000
Time for gpu_mm_sparse_ProjectImp:sparsemm=3.640000
Time for gpu_mm_sparse_ProjectImp:back2host=0.000000
Time taken for gpu_mm_sparse_ProjectImp is 3.660000
m=32 k=1024 n=512 sparsity=0.8 ITER=2500
bin/mm data/32_1024_0.8.mat data/1024_512_0.8.mat -t -a cusparse -r2500
Time for gpu_mm_sparse:conversion=0.000000
Time for gpu_mm_sparse:cusparsemm=4.050000
Time for gpu_mm_sparse:back2dense=0.000000
Time taken for gpu_mm_sparse is 4.050000
bin/mm data/32_1024_0.8.mat data/1024_512_0.8.mat -t -a denseblas -r2500
Time for gpu_mm_dense:data=0.000000
Time for gpu_mm_dense:mult=0.490000
Time taken for the gpu_mm_dense is 0.490000
bin/mm data/32_1024_0.8.mat data/1024_512_0.8.mat -t -a sparseimp -r2500
Time for gpu_mm_sparse_ProjectImp:transpose=0.010000
Time for gpu_mm_sparse_ProjectImp:conversion=0.000000
Time for gpu_mm_sparse_ProjectImp:sparsemm=1.600000
Time for gpu_mm_sparse_ProjectImp:back2host=0.000000
Time taken for gpu_mm_sparse_ProjectImp is 1.620000
m=32 k=1024 n=512 sparsity=0.9 ITER=2500
bin/mm data/32_1024_0.9.mat data/1024_512_0.9.mat -t -a cusparse -r2500
Time for gpu_mm_sparse:conversion=0.050000
Time for gpu_mm_sparse:cusparsemm=12.440000
Time for gpu_mm_sparse:back2dense=0.000000
Time taken for gpu_mm_sparse is 12.490000
bin/mm data/32_1024_0.9.mat data/1024_512_0.9.mat -t -a denseblas -r2500
Time for gpu_mm_dense:data=0.000000
Time for gpu_mm_dense:mult=0.480000
Time taken for the gpu_mm_dense is 0.480000
bin/mm data/32_1024_0.9.mat data/1024_512_0.9.mat -t -a sparseimp -r2500
Time for gpu_mm_sparse_ProjectImp:transpose=0.000000
Time for gpu_mm_sparse_ProjectImp:conversion=0.010000
Time for gpu_mm_sparse_ProjectImp:sparsemm=0.970000
Time for gpu_mm_sparse_ProjectImp:back2host=0.000000
Time taken for gpu_mm_sparse_ProjectImp is 0.980000
m=32 k=1024 n=512 sparsity=0.95 ITER=2500
bin/mm data/32_1024_0.95.mat data/1024_512_0.95.mat -t -a cusparse -r2500
Time for gpu_mm_sparse:conversion=0.010000
Time for gpu_mm_sparse:cusparsemm=2.990000
Time for gpu_mm_sparse:back2dense=0.000000
Time taken for gpu_mm_sparse is 3.000000
bin/mm data/32_1024_0.95.mat data/1024_512_0.95.mat -t -a denseblas -r2500
Time for gpu_mm_dense:data=0.000000
Time for gpu_mm_dense:mult=0.540000
Time taken for the gpu_mm_dense is 0.540000
bin/mm data/32_1024_0.95.mat data/1024_512_0.95.mat -t -a sparseimp -r2500
Time for gpu_mm_sparse_ProjectImp:transpose=0.010000
Time for gpu_mm_sparse_ProjectImp:conversion=0.010000
Time for gpu_mm_sparse_ProjectImp:sparsemm=0.490000
Time for gpu_mm_sparse_ProjectImp:back2host=0.000000
Time taken for gpu_mm_sparse_ProjectImp is 0.510000
m=32 k=1024 n=512 sparsity=0.99 ITER=2500
bin/mm data/32_1024_0.99.mat data/1024_512_0.99.mat -t -a cusparse -r2500
Time for gpu_mm_sparse:conversion=0.010000
Time for gpu_mm_sparse:cusparsemm=1.540000
Time for gpu_mm_sparse:back2dense=0.000000
Time taken for gpu_mm_sparse is 1.550000
bin/mm data/32_1024_0.99.mat data/1024_512_0.99.mat -t -a denseblas -r2500
Time for gpu_mm_dense:data=0.000000
Time for gpu_mm_dense:mult=0.550000
Time taken for the gpu_mm_dense is 0.550000
bin/mm data/32_1024_0.99.mat data/1024_512_0.99.mat -t -a sparseimp -r2500
Time for gpu_mm_sparse_ProjectImp:transpose=0.010000
Time for gpu_mm_sparse_ProjectImp:conversion=0.010000
Time for gpu_mm_sparse_ProjectImp:sparsemm=0.160000
Time for gpu_mm_sparse_ProjectImp:back2host=0.000000
Time taken for gpu_mm_sparse_ProjectImp is 0.180000
m=32 k=2048 n=1024 sparsity=0.5 ITER=1000
bin/mm data/32_2048_0.5.mat data/2048_1024_0.5.mat -t -a cusparse -r1000
Time for gpu_mm_sparse:conversion=0.020000
Time for gpu_mm_sparse:cusparsemm=15.720000
Time for gpu_mm_sparse:back2dense=0.000000
Time taken for gpu_mm_sparse is 15.740000
bin/mm data/32_2048_0.5.mat data/2048_1024_0.5.mat -t -a denseblas -r1000
Time for gpu_mm_dense:data=0.000000
Time for gpu_mm_dense:mult=0.560000
Time taken for the gpu_mm_dense is 0.560000
bin/mm data/32_2048_0.5.mat data/2048_1024_0.5.mat -t -a sparseimp -r1000
Time for gpu_mm_sparse_ProjectImp:transpose=0.030000
Time for gpu_mm_sparse_ProjectImp:conversion=0.010000
Time for gpu_mm_sparse_ProjectImp:sparsemm=12.360000
Time for gpu_mm_sparse_ProjectImp:back2host=0.000000
Time taken for gpu_mm_sparse_ProjectImp is 12.410000
m=32 k=2048 n=1024 sparsity=0.8 ITER=1000
bin/mm data/32_2048_0.8.mat data/2048_1024_0.8.mat -t -a cusparse -r1000
Time for gpu_mm_sparse:conversion=0.240000
Time for gpu_mm_sparse:cusparsemm=6.320000
Time for gpu_mm_sparse:back2dense=0.000000
Time taken for gpu_mm_sparse is 6.560000
bin/mm data/32_2048_0.8.mat data/2048_1024_0.8.mat -t -a denseblas -r1000
Time for gpu_mm_dense:data=0.000000
Time for gpu_mm_dense:mult=0.560000
Time taken for the gpu_mm_dense is 0.560000
bin/mm data/32_2048_0.8.mat data/2048_1024_0.8.mat -t -a sparseimp -r1000
Time for gpu_mm_sparse_ProjectImp:transpose=0.040000
Time for gpu_mm_sparse_ProjectImp:conversion=0.010000
Time for gpu_mm_sparse_ProjectImp:sparsemm=2.360000
Time for gpu_mm_sparse_ProjectImp:back2host=0.000000
Time taken for gpu_mm_sparse_ProjectImp is 2.420000
m=32 k=2048 n=1024 sparsity=0.9 ITER=1000
bin/mm data/32_2048_0.9.mat data/2048_1024_0.9.mat -t -a cusparse -r1000
Time for gpu_mm_sparse:conversion=0.020000
Time for gpu_mm_sparse:cusparsemm=1.360000
Time for gpu_mm_sparse:back2dense=0.000000
Time taken for gpu_mm_sparse is 1.380000
bin/mm data/32_2048_0.9.mat data/2048_1024_0.9.mat -t -a denseblas -r1000
Time for gpu_mm_dense:data=0.000000
Time for gpu_mm_dense:mult=0.450000
Time taken for the gpu_mm_dense is 0.450000
bin/mm data/32_2048_0.9.mat data/2048_1024_0.9.mat -t -a sparseimp -r1000
Time for gpu_mm_sparse_ProjectImp:transpose=0.040000
Time for gpu_mm_sparse_ProjectImp:conversion=0.010000
Time for gpu_mm_sparse_ProjectImp:sparsemm=1.250000
Time for gpu_mm_sparse_ProjectImp:back2host=0.000000
Time taken for gpu_mm_sparse_ProjectImp is 1.310000
m=32 k=2048 n=1024 sparsity=0.95 ITER=1000
bin/mm data/32_2048_0.95.mat data/2048_1024_0.95.mat -t -a cusparse -r1000
Time for gpu_mm_sparse:conversion=0.010000
Time for gpu_mm_sparse:cusparsemm=0.860000
Time for gpu_mm_sparse:back2dense=0.000000
Time taken for gpu_mm_sparse is 0.870000
bin/mm data/32_2048_0.95.mat data/2048_1024_0.95.mat -t -a denseblas -r1000
Time for gpu_mm_dense:data=0.000000
Time for gpu_mm_dense:mult=0.490000
Time taken for the gpu_mm_dense is 0.490000
bin/mm data/32_2048_0.95.mat data/2048_1024_0.95.mat -t -a sparseimp -r1000
Time for gpu_mm_sparse_ProjectImp:transpose=0.040000
Time for gpu_mm_sparse_ProjectImp:conversion=0.000000
Time for gpu_mm_sparse_ProjectImp:sparsemm=0.710000
Time for gpu_mm_sparse_ProjectImp:back2host=0.000000
Time taken for gpu_mm_sparse_ProjectImp is 0.750000
m=32 k=2048 n=1024 sparsity=0.99 ITER=1000
bin/mm data/32_2048_0.99.mat data/2048_1024_0.99.mat -t -a cusparse -r1000
Time for gpu_mm_sparse:conversion=0.000000
Time for gpu_mm_sparse:cusparsemm=1.320000
Time for gpu_mm_sparse:back2dense=0.000000
Time taken for gpu_mm_sparse is 1.320000
bin/mm data/32_2048_0.99.mat data/2048_1024_0.99.mat -t -a denseblas -r1000
Time for gpu_mm_dense:data=0.010000
Time for gpu_mm_dense:mult=0.490000
Time taken for the gpu_mm_dense is 0.500000
bin/mm data/32_2048_0.99.mat data/2048_1024_0.99.mat -t -a sparseimp -r1000
Time for gpu_mm_sparse_ProjectImp:transpose=0.040000
Time for gpu_mm_sparse_ProjectImp:conversion=0.020000
Time for gpu_mm_sparse_ProjectImp:sparsemm=0.170000
Time for gpu_mm_sparse_ProjectImp:back2host=0.000000
Time taken for gpu_mm_sparse_ProjectImp is 0.240000
m=32 k=4096 n=2048 sparsity=0.5 ITER=250
bin/mm data/32_4096_0.5.mat data/4096_2048_0.5.mat -t -a cusparse -r250
Time for gpu_mm_sparse:conversion=0.020000
Time for gpu_mm_sparse:cusparsemm=15.410000
Time for gpu_mm_sparse:back2dense=0.000000
Time taken for gpu_mm_sparse is 15.440000
bin/mm data/32_4096_0.5.mat data/4096_2048_0.5.mat -t -a denseblas -r250
Time for gpu_mm_dense:data=0.000000
Time for gpu_mm_dense:mult=0.320000
Time taken for the gpu_mm_dense is 0.320000
bin/mm data/32_4096_0.5.mat data/4096_2048_0.5.mat -t -a sparseimp -r250
Time for gpu_mm_sparse_ProjectImp:transpose=0.160000
Time for gpu_mm_sparse_ProjectImp:conversion=0.030000
Time for gpu_mm_sparse_ProjectImp:sparsemm=4.660000
Time for gpu_mm_sparse_ProjectImp:back2host=0.000000
Time taken for gpu_mm_sparse_ProjectImp is 4.850000
m=32 k=4096 n=2048 sparsity=0.8 ITER=250
bin/mm data/32_4096_0.8.mat data/4096_2048_0.8.mat -t -a cusparse -r250
Time for gpu_mm_sparse:conversion=0.010000
Time for gpu_mm_sparse:cusparsemm=2.590000
Time for gpu_mm_sparse:back2dense=0.000000
Time taken for gpu_mm_sparse is 2.600000
bin/mm data/32_4096_0.8.mat data/4096_2048_0.8.mat -t -a denseblas -r250
Time for gpu_mm_dense:data=0.010000
Time for gpu_mm_dense:mult=0.320000
Time taken for the gpu_mm_dense is 0.330000
bin/mm data/32_4096_0.8.mat data/4096_2048_0.8.mat -t -a sparseimp -r250
Time for gpu_mm_sparse_ProjectImp:transpose=0.360000
Time for gpu_mm_sparse_ProjectImp:conversion=0.020000
Time for gpu_mm_sparse_ProjectImp:sparsemm=2.110000
Time for gpu_mm_sparse_ProjectImp:back2host=0.000000
Time taken for gpu_mm_sparse_ProjectImp is 2.500000
m=32 k=4096 n=2048 sparsity=0.9 ITER=250
bin/mm data/32_4096_0.9.mat data/4096_2048_0.9.mat -t -a cusparse -r250
Time for gpu_mm_sparse:conversion=0.010000
Time for gpu_mm_sparse:cusparsemm=0.950000
Time for gpu_mm_sparse:back2dense=0.000000
Time taken for gpu_mm_sparse is 0.960000
bin/mm data/32_4096_0.9.mat data/4096_2048_0.9.mat -t -a denseblas -r250
Time for gpu_mm_dense:data=0.000000
Time for gpu_mm_dense:mult=0.230000
Time taken for the gpu_mm_dense is 0.230000
bin/mm data/32_4096_0.9.mat data/4096_2048_0.9.mat -t -a sparseimp -r250
Time for gpu_mm_sparse_ProjectImp:transpose=0.130000
Time for gpu_mm_sparse_ProjectImp:conversion=0.020000
Time for gpu_mm_sparse_ProjectImp:sparsemm=1.060000
Time for gpu_mm_sparse_ProjectImp:back2host=0.000000
Time taken for gpu_mm_sparse_ProjectImp is 1.210000
m=32 k=4096 n=2048 sparsity=0.95 ITER=250
bin/mm data/32_4096_0.95.mat data/4096_2048_0.95.mat -t -a cusparse -r250
Time for gpu_mm_sparse:conversion=0.020000
Time for gpu_mm_sparse:cusparsemm=0.380000
Time for gpu_mm_sparse:back2dense=0.000000
Time taken for gpu_mm_sparse is 0.400000
bin/mm data/32_4096_0.95.mat data/4096_2048_0.95.mat -t -a denseblas -r250
Time for gpu_mm_dense:data=0.000000
Time for gpu_mm_dense:mult=0.250000
Time taken for the gpu_mm_dense is 0.250000
bin/mm data/32_4096_0.95.mat data/4096_2048_0.95.mat -t -a sparseimp -r250
Time for gpu_mm_sparse_ProjectImp:transpose=0.270000
Time for gpu_mm_sparse_ProjectImp:conversion=0.000000
Time for gpu_mm_sparse_ProjectImp:sparsemm=0.620000
Time for gpu_mm_sparse_ProjectImp:back2host=0.000000
Time taken for gpu_mm_sparse_ProjectImp is 0.890000
m=32 k=4096 n=2048 sparsity=0.99 ITER=250
bin/mm data/32_4096_0.99.mat data/4096_2048_0.99.mat -t -a cusparse -r250
Time for gpu_mm_sparse:conversion=0.010000
Time for gpu_mm_sparse:cusparsemm=0.490000
Time for gpu_mm_sparse:back2dense=0.000000
Time taken for gpu_mm_sparse is 0.500000
bin/mm data/32_4096_0.99.mat data/4096_2048_0.99.mat -t -a denseblas -r250
Time for gpu_mm_dense:data=0.000000
Time for gpu_mm_dense:mult=0.230000
Time taken for the gpu_mm_dense is 0.230000
bin/mm data/32_4096_0.99.mat data/4096_2048_0.99.mat -t -a sparseimp -r250
Time for gpu_mm_sparse_ProjectImp:transpose=0.230000
Time for gpu_mm_sparse_ProjectImp:conversion=0.020000
Time for gpu_mm_sparse_ProjectImp:sparsemm=0.150000
Time for gpu_mm_sparse_ProjectImp:back2host=0.000000
Time taken for gpu_mm_sparse_ProjectImp is 0.400000
m=32 k=8192 n=4096 sparsity=0.5 ITER=100
bin/mm data/32_8192_0.5.mat data/8192_4096_0.5.mat -t -a cusparse -r100
Time for gpu_mm_sparse:conversion=0.050000
Time for gpu_mm_sparse:cusparsemm=24.570000
Time for gpu_mm_sparse:back2dense=0.000000
Time taken for gpu_mm_sparse is 24.630000
bin/mm data/32_8192_0.5.mat data/8192_4096_0.5.mat -t -a denseblas -r100
Time for gpu_mm_dense:data=0.010000
Time for gpu_mm_dense:mult=0.320000
Time taken for the gpu_mm_dense is 0.330000
bin/mm data/32_8192_0.5.mat data/8192_4096_0.5.mat -t -a sparseimp -r100
Time for gpu_mm_sparse_ProjectImp:transpose=1.220000
Time for gpu_mm_sparse_ProjectImp:conversion=0.030000
Time for gpu_mm_sparse_ProjectImp:sparsemm=18.920000
Time for gpu_mm_sparse_ProjectImp:back2host=0.000000
Time taken for gpu_mm_sparse_ProjectImp is 20.170000
m=32 k=8192 n=4096 sparsity=0.8 ITER=100
bin/mm data/32_8192_0.8.mat data/8192_4096_0.8.mat -t -a cusparse -r100
Time for gpu_mm_sparse:conversion=0.040000
Time for gpu_mm_sparse:cusparsemm=4.250000
Time for gpu_mm_sparse:back2dense=0.000000
Time taken for gpu_mm_sparse is 4.290000
bin/mm data/32_8192_0.8.mat data/8192_4096_0.8.mat -t -a denseblas -r100
Time for gpu_mm_dense:data=0.010000
Time for gpu_mm_dense:mult=0.320000
Time taken for the gpu_mm_dense is 0.330000
bin/mm data/32_8192_0.8.mat data/8192_4096_0.8.mat -t -a sparseimp -r100
Time for gpu_mm_sparse_ProjectImp:transpose=1.210000
Time for gpu_mm_sparse_ProjectImp:conversion=0.040000
Time for gpu_mm_sparse_ProjectImp:sparsemm=3.450000
Time for gpu_mm_sparse_ProjectImp:back2host=0.000000
Time taken for gpu_mm_sparse_ProjectImp is 4.700000
m=32 k=8192 n=4096 sparsity=0.9 ITER=100
bin/mm data/32_8192_0.9.mat data/8192_4096_0.9.mat -t -a cusparse -r100
Time for gpu_mm_sparse:conversion=0.080000
Time for gpu_mm_sparse:cusparsemm=1.210000
Time for gpu_mm_sparse:back2dense=0.000000
Time taken for gpu_mm_sparse is 1.300000
bin/mm data/32_8192_0.9.mat data/8192_4096_0.9.mat -t -a denseblas -r100
Time for gpu_mm_dense:data=0.010000
Time for gpu_mm_dense:mult=0.320000
Time taken for the gpu_mm_dense is 0.330000
bin/mm data/32_8192_0.9.mat data/8192_4096_0.9.mat -t -a sparseimp -r100
Time for gpu_mm_sparse_ProjectImp:transpose=1.220000
Time for gpu_mm_sparse_ProjectImp:conversion=0.040000
Time for gpu_mm_sparse_ProjectImp:sparsemm=1.810000
Time for gpu_mm_sparse_ProjectImp:back2host=0.000000
Time taken for gpu_mm_sparse_ProjectImp is 3.070000
m=32 k=8192 n=4096 sparsity=0.95 ITER=100
bin/mm data/32_8192_0.95.mat data/8192_4096_0.95.mat -t -a cusparse -r100
Time for gpu_mm_sparse:conversion=0.020000
Time for gpu_mm_sparse:cusparsemm=0.500000
Time for gpu_mm_sparse:back2dense=0.000000
Time taken for gpu_mm_sparse is 0.530000
bin/mm data/32_8192_0.95.mat data/8192_4096_0.95.mat -t -a denseblas -r100
Time for gpu_mm_dense:data=0.020000
Time for gpu_mm_dense:mult=0.340000
Time taken for the gpu_mm_dense is 0.360000
bin/mm data/32_8192_0.95.mat data/8192_4096_0.95.mat -t -a sparseimp -r100
Time for gpu_mm_sparse_ProjectImp:transpose=0.950000
Time for gpu_mm_sparse_ProjectImp:conversion=0.030000
Time for gpu_mm_sparse_ProjectImp:sparsemm=0.950000
Time for gpu_mm_sparse_ProjectImp:back2host=0.000000
Time taken for gpu_mm_sparse_ProjectImp is 1.940000
m=32 k=8192 n=4096 sparsity=0.99 ITER=100
bin/mm data/32_8192_0.99.mat data/8192_4096_0.99.mat -t -a cusparse -r100
Time for gpu_mm_sparse:conversion=0.040000
Time for gpu_mm_sparse:cusparsemm=0.160000
Time for gpu_mm_sparse:back2dense=0.000000
Time taken for gpu_mm_sparse is 0.200000
bin/mm data/32_8192_0.99.mat data/8192_4096_0.99.mat -t -a denseblas -r100
Time for gpu_mm_dense:data=0.030000
Time for gpu_mm_dense:mult=0.340000
Time taken for the gpu_mm_dense is 0.370000
bin/mm data/32_8192_0.99.mat data/8192_4096_0.99.mat -t -a sparseimp -r100
Time for gpu_mm_sparse_ProjectImp:transpose=0.700000
Time for gpu_mm_sparse_ProjectImp:conversion=0.030000
Time for gpu_mm_sparse_ProjectImp:sparsemm=0.210000
Time for gpu_mm_sparse_ProjectImp:back2host=0.000000
Time taken for gpu_mm_sparse_ProjectImp is 0.950000
m=1024 k=256 n=128 sparsity=0.5 ITER=5000
bin/mm data/1024_256_0.5.mat data/256_128_0.5.mat -t -a cusparse -r5000
Time for gpu_mm_sparse:conversion=0.000000
Time for gpu_mm_sparse:cusparsemm=11.130000
Time for gpu_mm_sparse:back2dense=0.000000
Time taken for gpu_mm_sparse is 11.130000
bin/mm data/1024_256_0.5.mat data/256_128_0.5.mat -t -a denseblas -r5000
Time for gpu_mm_dense:data=0.000000
Time for gpu_mm_dense:mult=0.400000
Time taken for the gpu_mm_dense is 0.400000
bin/mm data/1024_256_0.5.mat data/256_128_0.5.mat -t -a sparseimp -r5000
Time for gpu_mm_sparse_ProjectImp:transpose=0.010000
Time for gpu_mm_sparse_ProjectImp:conversion=0.000000
Time for gpu_mm_sparse_ProjectImp:sparsemm=18.150000
Time for gpu_mm_sparse_ProjectImp:back2host=0.000000
Time taken for gpu_mm_sparse_ProjectImp is 18.160000
m=1024 k=256 n=128 sparsity=0.8 ITER=5000
bin/mm data/1024_256_0.8.mat data/256_128_0.8.mat -t -a cusparse -r5000
Time for gpu_mm_sparse:conversion=0.010000
Time for gpu_mm_sparse:cusparsemm=6.040000
Time for gpu_mm_sparse:back2dense=0.000000
Time taken for gpu_mm_sparse is 6.060000
bin/mm data/1024_256_0.8.mat data/256_128_0.8.mat -t -a denseblas -r5000
Time for gpu_mm_dense:data=0.010000
Time for gpu_mm_dense:mult=0.360000
Time taken for the gpu_mm_dense is 0.370000
bin/mm data/1024_256_0.8.mat data/256_128_0.8.mat -t -a sparseimp -r5000
Time for gpu_mm_sparse_ProjectImp:transpose=0.000000
Time for gpu_mm_sparse_ProjectImp:conversion=0.020000
Time for gpu_mm_sparse_ProjectImp:sparsemm=7.610000
Time for gpu_mm_sparse_ProjectImp:back2host=0.000000
Time taken for gpu_mm_sparse_ProjectImp is 7.630000
m=1024 k=256 n=128 sparsity=0.9 ITER=5000
bin/mm data/1024_256_0.9.mat data/256_128_0.9.mat -t -a cusparse -r5000
Time for gpu_mm_sparse:conversion=0.000000
Time for gpu_mm_sparse:cusparsemm=4.530000
Time for gpu_mm_sparse:back2dense=0.000000
Time taken for gpu_mm_sparse is 4.530000
bin/mm data/1024_256_0.9.mat data/256_128_0.9.mat -t -a denseblas -r5000
Time for gpu_mm_dense:data=0.000000
Time for gpu_mm_dense:mult=0.290000
Time taken for the gpu_mm_dense is 0.290000
bin/mm data/1024_256_0.9.mat data/256_128_0.9.mat -t -a sparseimp -r5000
Time for gpu_mm_sparse_ProjectImp:transpose=0.000000
Time for gpu_mm_sparse_ProjectImp:conversion=0.020000
Time for gpu_mm_sparse_ProjectImp:sparsemm=4.730000
Time for gpu_mm_sparse_ProjectImp:back2host=0.000000
Time taken for gpu_mm_sparse_ProjectImp is 4.750000
m=1024 k=256 n=128 sparsity=0.95 ITER=5000
bin/mm data/1024_256_0.95.mat data/256_128_0.95.mat -t -a cusparse -r5000
Time for gpu_mm_sparse:conversion=0.010000
Time for gpu_mm_sparse:cusparsemm=4.010000
Time for gpu_mm_sparse:back2dense=0.000000
Time taken for gpu_mm_sparse is 4.020000
bin/mm data/1024_256_0.95.mat data/256_128_0.95.mat -t -a denseblas -r5000
Time for gpu_mm_dense:data=0.000000
Time for gpu_mm_dense:mult=0.300000
Time taken for the gpu_mm_dense is 0.300000
bin/mm data/1024_256_0.95.mat data/256_128_0.95.mat -t -a sparseimp -r5000
Time for gpu_mm_sparse_ProjectImp:transpose=0.000000
Time for gpu_mm_sparse_ProjectImp:conversion=0.000000
Time for gpu_mm_sparse_ProjectImp:sparsemm=3.960000
Time for gpu_mm_sparse_ProjectImp:back2host=0.000000
Time taken for gpu_mm_sparse_ProjectImp is 3.960000
m=1024 k=256 n=128 sparsity=0.99 ITER=5000
bin/mm data/1024_256_0.99.mat data/256_128_0.99.mat -t -a cusparse -r5000
Time for gpu_mm_sparse:conversion=0.010000
Time for gpu_mm_sparse:cusparsemm=2.980000
Time for gpu_mm_sparse:back2dense=0.000000
Time taken for gpu_mm_sparse is 2.990000
bin/mm data/1024_256_0.99.mat data/256_128_0.99.mat -t -a denseblas -r5000
Time for gpu_mm_dense:data=0.000000
Time for gpu_mm_dense:mult=0.370000
Time taken for the gpu_mm_dense is 0.370000
bin/mm data/1024_256_0.99.mat data/256_128_0.99.mat -t -a sparseimp -r5000
Time for gpu_mm_sparse_ProjectImp:transpose=0.000000
Time for gpu_mm_sparse_ProjectImp:conversion=0.000000
Time for gpu_mm_sparse_ProjectImp:sparsemm=0.850000
Time for gpu_mm_sparse_ProjectImp:back2host=0.000000
Time taken for gpu_mm_sparse_ProjectImp is 0.860000
m=1024 k=512 n=256 sparsity=0.5 ITER=1000
bin/mm data/1024_512_0.5.mat data/512_256_0.5.mat -t -a cusparse -r1000
Time for gpu_mm_sparse:conversion=0.020000
Time for gpu_mm_sparse:cusparsemm=7.530000
Time for gpu_mm_sparse:back2dense=0.000000
Time taken for gpu_mm_sparse is 7.550000
bin/mm data/1024_512_0.5.mat data/512_256_0.5.mat -t -a denseblas -r1000
Time for gpu_mm_dense:data=0.000000
Time for gpu_mm_dense:mult=0.150000
Time taken for the gpu_mm_dense is 0.150000
bin/mm data/1024_512_0.5.mat data/512_256_0.5.mat -t -a sparseimp -r1000
Time for gpu_mm_sparse_ProjectImp:transpose=0.000000
Time for gpu_mm_sparse_ProjectImp:conversion=0.010000
Time for gpu_mm_sparse_ProjectImp:sparsemm=11.800000
Time for gpu_mm_sparse_ProjectImp:back2host=0.000000
Time taken for gpu_mm_sparse_ProjectImp is 11.810000
m=1024 k=512 n=256 sparsity=0.8 ITER=1000
bin/mm data/1024_512_0.8.mat data/512_256_0.8.mat -t -a cusparse -r1000
Time for gpu_mm_sparse:conversion=0.000000
Time for gpu_mm_sparse:cusparsemm=1.950000
Time for gpu_mm_sparse:back2dense=0.010000
Time taken for gpu_mm_sparse is 1.960000
bin/mm data/1024_512_0.8.mat data/512_256_0.8.mat -t -a denseblas -r1000
Time for gpu_mm_dense:data=0.000000
Time for gpu_mm_dense:mult=0.150000
Time taken for the gpu_mm_dense is 0.150000
bin/mm data/1024_512_0.8.mat data/512_256_0.8.mat -t -a sparseimp -r1000
Time for gpu_mm_sparse_ProjectImp:transpose=0.000000
Time for gpu_mm_sparse_ProjectImp:conversion=0.010000
Time for gpu_mm_sparse_ProjectImp:sparsemm=5.090000
Time for gpu_mm_sparse_ProjectImp:back2host=0.000000
Time taken for gpu_mm_sparse_ProjectImp is 5.100000
m=1024 k=512 n=256 sparsity=0.9 ITER=1000
bin/mm data/1024_512_0.9.mat data/512_256_0.9.mat -t -a cusparse -r1000
Time for gpu_mm_sparse:conversion=0.020000
Time for gpu_mm_sparse:cusparsemm=1.330000
Time for gpu_mm_sparse:back2dense=0.000000
Time taken for gpu_mm_sparse is 1.350000
bin/mm data/1024_512_0.9.mat data/512_256_0.9.mat -t -a denseblas -r1000
Time for gpu_mm_dense:data=0.000000
Time for gpu_mm_dense:mult=0.130000
Time taken for the gpu_mm_dense is 0.130000
bin/mm data/1024_512_0.9.mat data/512_256_0.9.mat -t -a sparseimp -r1000
Time for gpu_mm_sparse_ProjectImp:transpose=0.000000
Time for gpu_mm_sparse_ProjectImp:conversion=0.000000
Time for gpu_mm_sparse_ProjectImp:sparsemm=2.390000
Time for gpu_mm_sparse_ProjectImp:back2host=0.000000
Time taken for gpu_mm_sparse_ProjectImp is 2.390000
m=1024 k=512 n=256 sparsity=0.95 ITER=1000
bin/mm data/1024_512_0.95.mat data/512_256_0.95.mat -t -a cusparse -r1000
Time for gpu_mm_sparse:conversion=0.020000
Time for gpu_mm_sparse:cusparsemm=1.010000
Time for gpu_mm_sparse:back2dense=0.010000
Time taken for gpu_mm_sparse is 1.040000
bin/mm data/1024_512_0.95.mat data/512_256_0.95.mat -t -a denseblas -r1000
Time for gpu_mm_dense:data=0.000000
Time for gpu_mm_dense:mult=0.130000
Time taken for the gpu_mm_dense is 0.130000
bin/mm data/1024_512_0.95.mat data/512_256_0.95.mat -t -a sparseimp -r1000
Time for gpu_mm_sparse_ProjectImp:transpose=0.010000
Time for gpu_mm_sparse_ProjectImp:conversion=0.000000
Time for gpu_mm_sparse_ProjectImp:sparsemm=1.580000
Time for gpu_mm_sparse_ProjectImp:back2host=0.000000
Time taken for gpu_mm_sparse_ProjectImp is 1.590000
m=1024 k=512 n=256 sparsity=0.99 ITER=1000
bin/mm data/1024_512_0.99.mat data/512_256_0.99.mat -t -a cusparse -r1000
Time for gpu_mm_sparse:conversion=0.000000
Time for gpu_mm_sparse:cusparsemm=0.870000
Time for gpu_mm_sparse:back2dense=0.010000
Time taken for gpu_mm_sparse is 0.880000
bin/mm data/1024_512_0.99.mat data/512_256_0.99.mat -t -a denseblas -r1000
Time for gpu_mm_dense:data=0.000000
Time for gpu_mm_dense:mult=0.120000
Time taken for the gpu_mm_dense is 0.120000
bin/mm data/1024_512_0.99.mat data/512_256_0.99.mat -t -a sparseimp -r1000
Time for gpu_mm_sparse_ProjectImp:transpose=0.010000
Time for gpu_mm_sparse_ProjectImp:conversion=0.010000
Time for gpu_mm_sparse_ProjectImp:sparsemm=0.540000
Time for gpu_mm_sparse_ProjectImp:back2host=0.000000
Time taken for gpu_mm_sparse_ProjectImp is 0.560000
m=1024 k=1024 n=512 sparsity=0.5 ITER=250
bin/mm data/1024_1024_0.5.mat data/1024_512_0.5.mat -t -a cusparse -r250
Time for gpu_mm_sparse:conversion=0.000000
Time for gpu_mm_sparse:cusparsemm=5.500000
Time for gpu_mm_sparse:back2dense=0.010000
Time taken for gpu_mm_sparse is 5.510000
bin/mm data/1024_1024_0.5.mat data/1024_512_0.5.mat -t -a denseblas -r250
Time for gpu_mm_dense:data=0.010000
Time for gpu_mm_dense:mult=0.210000
Time taken for the gpu_mm_dense is 0.220000
bin/mm data/1024_1024_0.5.mat data/1024_512_0.5.mat -t -a sparseimp -r250
Time for gpu_mm_sparse_ProjectImp:transpose=0.010000
Time for gpu_mm_sparse_ProjectImp:conversion=0.010000
Time for gpu_mm_sparse_ProjectImp:sparsemm=9.750000
Time for gpu_mm_sparse_ProjectImp:back2host=0.010000
Time taken for gpu_mm_sparse_ProjectImp is 9.780000
m=1024 k=1024 n=512 sparsity=0.8 ITER=250
bin/mm data/1024_1024_0.8.mat data/1024_512_0.8.mat -t -a cusparse -r250
Time for gpu_mm_sparse:conversion=0.020000
Time for gpu_mm_sparse:cusparsemm=1.300000
Time for gpu_mm_sparse:back2dense=0.010000
Time taken for gpu_mm_sparse is 1.330000
bin/mm data/1024_1024_0.8.mat data/1024_512_0.8.mat -t -a denseblas -r250
Time for gpu_mm_dense:data=0.010000
Time for gpu_mm_dense:mult=0.290000
Time taken for the gpu_mm_dense is 0.300000
bin/mm data/1024_1024_0.8.mat data/1024_512_0.8.mat -t -a sparseimp -r250
Time for gpu_mm_sparse_ProjectImp:transpose=0.030000
Time for gpu_mm_sparse_ProjectImp:conversion=0.000000
Time for gpu_mm_sparse_ProjectImp:sparsemm=5.500000
Time for gpu_mm_sparse_ProjectImp:back2host=0.000000
Time taken for gpu_mm_sparse_ProjectImp is 5.530000
m=1024 k=1024 n=512 sparsity=0.9 ITER=250
bin/mm data/1024_1024_0.9.mat data/1024_512_0.9.mat -t -a cusparse -r250
Time for gpu_mm_sparse:conversion=0.020000
Time for gpu_mm_sparse:cusparsemm=0.410000
Time for gpu_mm_sparse:back2dense=0.000000
Time taken for gpu_mm_sparse is 0.440000
bin/mm data/1024_1024_0.9.mat data/1024_512_0.9.mat -t -a denseblas -r250
Time for gpu_mm_dense:data=0.000000
Time for gpu_mm_dense:mult=0.170000
Time taken for the gpu_mm_dense is 0.170000
bin/mm data/1024_1024_0.9.mat data/1024_512_0.9.mat -t -a sparseimp -r250
Time for gpu_mm_sparse_ProjectImp:transpose=0.000000
Time for gpu_mm_sparse_ProjectImp:conversion=0.030000
Time for gpu_mm_sparse_ProjectImp:sparsemm=2.570000
Time for gpu_mm_sparse_ProjectImp:back2host=0.000000
Time taken for gpu_mm_sparse_ProjectImp is 2.610000
m=1024 k=1024 n=512 sparsity=0.95 ITER=250
bin/mm data/1024_1024_0.95.mat data/1024_512_0.95.mat -t -a cusparse -r250
Time for gpu_mm_sparse:conversion=0.010000
Time for gpu_mm_sparse:cusparsemm=0.330000
Time for gpu_mm_sparse:back2dense=0.000000
Time taken for gpu_mm_sparse is 0.340000
bin/mm data/1024_1024_0.95.mat data/1024_512_0.95.mat -t -a denseblas -r250
Time for gpu_mm_dense:data=0.010000
Time for gpu_mm_dense:mult=0.190000
Time taken for the gpu_mm_dense is 0.200000
bin/mm data/1024_1024_0.95.mat data/1024_512_0.95.mat -t -a sparseimp -r250
Time for gpu_mm_sparse_ProjectImp:transpose=0.010000
Time for gpu_mm_sparse_ProjectImp:conversion=0.010000
Time for gpu_mm_sparse_ProjectImp:sparsemm=1.150000
Time for gpu_mm_sparse_ProjectImp:back2host=0.000000
Time taken for gpu_mm_sparse_ProjectImp is 1.170000
m=1024 k=1024 n=512 sparsity=0.99 ITER=250
bin/mm data/1024_1024_0.99.mat data/1024_512_0.99.mat -t -a cusparse -r250
Time for gpu_mm_sparse:conversion=0.010000
Time for gpu_mm_sparse:cusparsemm=0.090000
Time for gpu_mm_sparse:back2dense=0.000000
Time taken for gpu_mm_sparse is 0.100000
bin/mm data/1024_1024_0.99.mat data/1024_512_0.99.mat -t -a denseblas -r250
Time for gpu_mm_dense:data=0.010000
Time for gpu_mm_dense:mult=0.210000
Time taken for the gpu_mm_dense is 0.220000
bin/mm data/1024_1024_0.99.mat data/1024_512_0.99.mat -t -a sparseimp -r250
Time for gpu_mm_sparse_ProjectImp:transpose=0.010000
Time for gpu_mm_sparse_ProjectImp:conversion=0.010000
Time for gpu_mm_sparse_ProjectImp:sparsemm=0.330000
Time for gpu_mm_sparse_ProjectImp:back2host=0.000000
Time taken for gpu_mm_sparse_ProjectImp is 0.350000
m=1024 k=2048 n=1024 sparsity=0.5 ITER=100
bin/mm data/1024_2048_0.5.mat data/2048_1024_0.5.mat -t -a cusparse -r100
Time for gpu_mm_sparse:conversion=0.020000
Time for gpu_mm_sparse:cusparsemm=7.900000
Time for gpu_mm_sparse:back2dense=0.000000
Time taken for gpu_mm_sparse is 7.930000
bin/mm data/1024_2048_0.5.mat data/2048_1024_0.5.mat -t -a denseblas -r100
Time for gpu_mm_dense:data=0.000000
Time for gpu_mm_dense:mult=0.160000
Time taken for the gpu_mm_dense is 0.160000
bin/mm data/1024_2048_0.5.mat data/2048_1024_0.5.mat -t -a sparseimp -r100
Time for gpu_mm_sparse_ProjectImp:transpose=0.040000
Time for gpu_mm_sparse_ProjectImp:conversion=0.020000
Time for gpu_mm_sparse_ProjectImp:sparsemm=14.940000
Time for gpu_mm_sparse_ProjectImp:back2host=0.000000
Time taken for gpu_mm_sparse_ProjectImp is 15.010000
m=1024 k=2048 n=1024 sparsity=0.8 ITER=100
bin/mm data/1024_2048_0.8.mat data/2048_1024_0.8.mat -t -a cusparse -r100
Time for gpu_mm_sparse:conversion=0.020000
Time for gpu_mm_sparse:cusparsemm=1.440000
Time for gpu_mm_sparse:back2dense=0.000000
Time taken for gpu_mm_sparse is 1.460000
bin/mm data/1024_2048_0.8.mat data/2048_1024_0.8.mat -t -a denseblas -r100
Time for gpu_mm_dense:data=0.000000
Time for gpu_mm_dense:mult=0.140000
Time taken for the gpu_mm_dense is 0.140000
bin/mm data/1024_2048_0.8.mat data/2048_1024_0.8.mat -t -a sparseimp -r100
Time for gpu_mm_sparse_ProjectImp:transpose=0.050000
Time for gpu_mm_sparse_ProjectImp:conversion=0.020000
Time for gpu_mm_sparse_ProjectImp:sparsemm=6.870000
Time for gpu_mm_sparse_ProjectImp:back2host=0.000000
Time taken for gpu_mm_sparse_ProjectImp is 6.940000
m=1024 k=2048 n=1024 sparsity=0.9 ITER=100
bin/mm data/1024_2048_0.9.mat data/2048_1024_0.9.mat -t -a cusparse -r100
Time for gpu_mm_sparse:conversion=0.020000
Time for gpu_mm_sparse:cusparsemm=0.430000
Time for gpu_mm_sparse:back2dense=0.020000
Time taken for gpu_mm_sparse is 0.470000
bin/mm data/1024_2048_0.9.mat data/2048_1024_0.9.mat -t -a denseblas -r100
Time for gpu_mm_dense:data=0.000000
Time for gpu_mm_dense:mult=0.140000
Time taken for the gpu_mm_dense is 0.140000
bin/mm data/1024_2048_0.9.mat data/2048_1024_0.9.mat -t -a sparseimp -r100
Time for gpu_mm_sparse_ProjectImp:transpose=0.030000
Time for gpu_mm_sparse_ProjectImp:conversion=0.020000
Time for gpu_mm_sparse_ProjectImp:sparsemm=3.500000
Time for gpu_mm_sparse_ProjectImp:back2host=0.010000
Time taken for gpu_mm_sparse_ProjectImp is 3.560000
m=1024 k=2048 n=1024 sparsity=0.95 ITER=100
bin/mm data/1024_2048_0.95.mat data/2048_1024_0.95.mat -t -a cusparse -r100
Time for gpu_mm_sparse:conversion=0.010000
Time for gpu_mm_sparse:cusparsemm=0.210000
Time for gpu_mm_sparse:back2dense=0.010000
Time taken for gpu_mm_sparse is 0.230000
bin/mm data/1024_2048_0.95.mat data/2048_1024_0.95.mat -t -a denseblas -r100
Time for gpu_mm_dense:data=0.010000
Time for gpu_mm_dense:mult=0.140000
Time taken for the gpu_mm_dense is 0.150000
bin/mm data/1024_2048_0.95.mat data/2048_1024_0.95.mat -t -a sparseimp -r100
Time for gpu_mm_sparse_ProjectImp:transpose=0.030000
Time for gpu_mm_sparse_ProjectImp:conversion=0.010000
Time for gpu_mm_sparse_ProjectImp:sparsemm=1.830000
Time for gpu_mm_sparse_ProjectImp:back2host=0.000000
Time taken for gpu_mm_sparse_ProjectImp is 1.880000
m=1024 k=2048 n=1024 sparsity=0.99 ITER=100
bin/mm data/1024_2048_0.99.mat data/2048_1024_0.99.mat -t -a cusparse -r100
Time for gpu_mm_sparse:conversion=0.000000
Time for gpu_mm_sparse:cusparsemm=0.170000
Time for gpu_mm_sparse:back2dense=0.000000
Time taken for gpu_mm_sparse is 0.170000
bin/mm data/1024_2048_0.99.mat data/2048_1024_0.99.mat -t -a denseblas -r100
Time for gpu_mm_dense:data=0.000000
Time for gpu_mm_dense:mult=0.160000
Time taken for the gpu_mm_dense is 0.160000
bin/mm data/1024_2048_0.99.mat data/2048_1024_0.99.mat -t -a sparseimp -r100
Time for gpu_mm_sparse_ProjectImp:transpose=0.030000
Time for gpu_mm_sparse_ProjectImp:conversion=0.010000
Time for gpu_mm_sparse_ProjectImp:sparsemm=0.420000
Time for gpu_mm_sparse_ProjectImp:back2host=0.000000
Time taken for gpu_mm_sparse_ProjectImp is 0.460000
m=1024 k=4096 n=2048 sparsity=0.5 ITER=25
bin/mm data/1024_4096_0.5.mat data/4096_2048_0.5.mat -t -a cusparse -r25
Time for gpu_mm_sparse:conversion=0.020000
Time for gpu_mm_sparse:cusparsemm=8.070000
Time for gpu_mm_sparse:back2dense=0.010000
Time taken for gpu_mm_sparse is 8.100000
bin/mm data/1024_4096_0.5.mat data/4096_2048_0.5.mat -t -a denseblas -r25
Time for gpu_mm_dense:data=0.020000
Time for gpu_mm_dense:mult=0.160000
Time taken for the gpu_mm_dense is 0.180000
bin/mm data/1024_4096_0.5.mat data/4096_2048_0.5.mat -t -a sparseimp -r25
Time for gpu_mm_sparse_ProjectImp:transpose=0.140000
Time for gpu_mm_sparse_ProjectImp:conversion=0.020000
Time for gpu_mm_sparse_ProjectImp:sparsemm=14.130000
Time for gpu_mm_sparse_ProjectImp:back2host=0.000000
Time taken for gpu_mm_sparse_ProjectImp is 14.310000
m=1024 k=4096 n=2048 sparsity=0.8 ITER=25
bin/mm data/1024_4096_0.8.mat data/4096_2048_0.8.mat -t -a cusparse -r25
Time for gpu_mm_sparse:conversion=0.030000
Time for gpu_mm_sparse:cusparsemm=1.240000
Time for gpu_mm_sparse:back2dense=0.010000
Time taken for gpu_mm_sparse is 1.280000
bin/mm data/1024_4096_0.8.mat data/4096_2048_0.8.mat -t -a denseblas -r25
Time for gpu_mm_dense:data=0.000000
Time for gpu_mm_dense:mult=0.150000
Time taken for the gpu_mm_dense is 0.150000
bin/mm data/1024_4096_0.8.mat data/4096_2048_0.8.mat -t -a sparseimp -r25
Time for gpu_mm_sparse_ProjectImp:transpose=0.130000
Time for gpu_mm_sparse_ProjectImp:conversion=0.030000
Time for gpu_mm_sparse_ProjectImp:sparsemm=6.270000
Time for gpu_mm_sparse_ProjectImp:back2host=0.010000
Time taken for gpu_mm_sparse_ProjectImp is 6.450000
m=1024 k=4096 n=2048 sparsity=0.9 ITER=25
bin/mm data/1024_4096_0.9.mat data/4096_2048_0.9.mat -t -a cusparse -r25
Time for gpu_mm_sparse:conversion=0.020000
Time for gpu_mm_sparse:cusparsemm=0.360000
Time for gpu_mm_sparse:back2dense=0.010000
Time taken for gpu_mm_sparse is 0.390000
bin/mm data/1024_4096_0.9.mat data/4096_2048_0.9.mat -t -a denseblas -r25
Time for gpu_mm_dense:data=0.000000
Time for gpu_mm_dense:mult=0.140000
Time taken for the gpu_mm_dense is 0.140000
bin/mm data/1024_4096_0.9.mat data/4096_2048_0.9.mat -t -a sparseimp -r25
Time for gpu_mm_sparse_ProjectImp:transpose=0.130000
Time for gpu_mm_sparse_ProjectImp:conversion=0.020000
Time for gpu_mm_sparse_ProjectImp:sparsemm=3.260000
Time for gpu_mm_sparse_ProjectImp:back2host=0.000000
Time taken for gpu_mm_sparse_ProjectImp is 3.420000
m=1024 k=4096 n=2048 sparsity=0.95 ITER=25
bin/mm data/1024_4096_0.95.mat data/4096_2048_0.95.mat -t -a cusparse -r25
Time for gpu_mm_sparse:conversion=0.020000
Time for gpu_mm_sparse:cusparsemm=0.190000
Time for gpu_mm_sparse:back2dense=0.000000
Time taken for gpu_mm_sparse is 0.210000
bin/mm data/1024_4096_0.95.mat data/4096_2048_0.95.mat -t -a denseblas -r25
Time for gpu_mm_dense:data=0.000000
Time for gpu_mm_dense:mult=0.180000
Time taken for the gpu_mm_dense is 0.180000
bin/mm data/1024_4096_0.95.mat data/4096_2048_0.95.mat -t -a sparseimp -r25
Time for gpu_mm_sparse_ProjectImp:transpose=0.140000
Time for gpu_mm_sparse_ProjectImp:conversion=0.020000
Time for gpu_mm_sparse_ProjectImp:sparsemm=1.880000
Time for gpu_mm_sparse_ProjectImp:back2host=0.000000
Time taken for gpu_mm_sparse_ProjectImp is 2.040000
m=1024 k=4096 n=2048 sparsity=0.99 ITER=25
bin/mm data/1024_4096_0.99.mat data/4096_2048_0.99.mat -t -a cusparse -r25
Time for gpu_mm_sparse:conversion=0.020000
Time for gpu_mm_sparse:cusparsemm=0.050000
Time for gpu_mm_sparse:back2dense=0.010000
Time taken for gpu_mm_sparse is 0.090000
bin/mm data/1024_4096_0.99.mat data/4096_2048_0.99.mat -t -a denseblas -r25
Time for gpu_mm_dense:data=0.010000
Time for gpu_mm_dense:mult=0.150000
Time taken for the gpu_mm_dense is 0.160000
bin/mm data/1024_4096_0.99.mat data/4096_2048_0.99.mat -t -a sparseimp -r25
Time for gpu_mm_sparse_ProjectImp:transpose=0.150000
Time for gpu_mm_sparse_ProjectImp:conversion=0.010000
Time for gpu_mm_sparse_ProjectImp:sparsemm=0.340000
Time for gpu_mm_sparse_ProjectImp:back2host=0.020000
Time taken for gpu_mm_sparse_ProjectImp is 0.520000
m=1024 k=8192 n=4096 sparsity=0.5 ITER=10
bin/mm data/1024_8192_0.5.mat data/8192_4096_0.5.mat -t -a cusparse -r10
Time for gpu_mm_sparse:conversion=0.060000
Time for gpu_mm_sparse:cusparsemm=14.810000
Time for gpu_mm_sparse:back2dense=0.010000
Time taken for gpu_mm_sparse is 14.890000
bin/mm data/1024_8192_0.5.mat data/8192_4096_0.5.mat -t -a denseblas -r10
Time for gpu_mm_dense:data=0.030000
Time for gpu_mm_dense:mult=0.170000
Time taken for the gpu_mm_dense is 0.200000
bin/mm data/1024_8192_0.5.mat data/8192_4096_0.5.mat -t -a sparseimp -r10
Time for gpu_mm_sparse_ProjectImp:transpose=0.740000
Time for gpu_mm_sparse_ProjectImp:conversion=0.050000
Time for gpu_mm_sparse_ProjectImp:sparsemm=62.430000
Time for gpu_mm_sparse_ProjectImp:back2host=0.010000
Time taken for gpu_mm_sparse_ProjectImp is 63.250000
m=1024 k=8192 n=4096 sparsity=0.8 ITER=10
bin/mm data/1024_8192_0.8.mat data/8192_4096_0.8.mat -t -a cusparse -r10
Time for gpu_mm_sparse:conversion=0.060000
Time for gpu_mm_sparse:cusparsemm=2.170000
Time for gpu_mm_sparse:back2dense=0.020000
Time taken for gpu_mm_sparse is 2.250000
bin/mm data/1024_8192_0.8.mat data/8192_4096_0.8.mat -t -a denseblas -r10
Time for gpu_mm_dense:data=0.020000
Time for gpu_mm_dense:mult=0.160000
Time taken for the gpu_mm_dense is 0.180000
bin/mm data/1024_8192_0.8.mat data/8192_4096_0.8.mat -t -a sparseimp -r10
Time for gpu_mm_sparse_ProjectImp:transpose=1.210000
Time for gpu_mm_sparse_ProjectImp:conversion=0.090000
Time for gpu_mm_sparse_ProjectImp:sparsemm=10.380000
Time for gpu_mm_sparse_ProjectImp:back2host=0.000000
Time taken for gpu_mm_sparse_ProjectImp is 11.690000
m=1024 k=8192 n=4096 sparsity=0.9 ITER=10
bin/mm data/1024_8192_0.9.mat data/8192_4096_0.9.mat -t -a cusparse -r10
Time for gpu_mm_sparse:conversion=0.060000
Time for gpu_mm_sparse:cusparsemm=0.570000
Time for gpu_mm_sparse:back2dense=0.000000
Time taken for gpu_mm_sparse is 0.640000
bin/mm data/1024_8192_0.9.mat data/8192_4096_0.9.mat -t -a denseblas -r10
Time for gpu_mm_dense:data=0.060000
Time for gpu_mm_dense:mult=0.190000
Time taken for the gpu_mm_dense is 0.250000
bin/mm data/1024_8192_0.9.mat data/8192_4096_0.9.mat -t -a sparseimp -r10
Time for gpu_mm_sparse_ProjectImp:transpose=0.770000
Time for gpu_mm_sparse_ProjectImp:conversion=0.050000
Time for gpu_mm_sparse_ProjectImp:sparsemm=5.510000
Time for gpu_mm_sparse_ProjectImp:back2host=0.020000
Time taken for gpu_mm_sparse_ProjectImp is 6.360000
m=1024 k=8192 n=4096 sparsity=0.95 ITER=10
bin/mm data/1024_8192_0.95.mat data/8192_4096_0.95.mat -t -a cusparse -r10
Time for gpu_mm_sparse:conversion=0.040000
Time for gpu_mm_sparse:cusparsemm=0.190000
Time for gpu_mm_sparse:back2dense=0.020000
Time taken for gpu_mm_sparse is 0.260000
bin/mm data/1024_8192_0.95.mat data/8192_4096_0.95.mat -t -a denseblas -r10
Time for gpu_mm_dense:data=0.040000
Time for gpu_mm_dense:mult=0.140000
Time taken for the gpu_mm_dense is 0.180000
bin/mm data/1024_8192_0.95.mat data/8192_4096_0.95.mat -t -a sparseimp -r10
Time for gpu_mm_sparse_ProjectImp:transpose=0.830000
Time for gpu_mm_sparse_ProjectImp:conversion=0.050000
Time for gpu_mm_sparse_ProjectImp:sparsemm=3.060000
Time for gpu_mm_sparse_ProjectImp:back2host=0.010000
Time taken for gpu_mm_sparse_ProjectImp is 3.960000
m=1024 k=8192 n=4096 sparsity=0.99 ITER=10
bin/mm data/1024_8192_0.99.mat data/8192_4096_0.99.mat -t -a cusparse -r10
Time for gpu_mm_sparse:conversion=0.030000
Time for gpu_mm_sparse:cusparsemm=0.030000
Time for gpu_mm_sparse:back2dense=0.020000
Time taken for gpu_mm_sparse is 0.080000
bin/mm data/1024_8192_0.99.mat data/8192_4096_0.99.mat -t -a denseblas -r10
Time for gpu_mm_dense:data=0.030000
Time for gpu_mm_dense:mult=0.170000
Time taken for the gpu_mm_dense is 0.200000
bin/mm data/1024_8192_0.99.mat data/8192_4096_0.99.mat -t -a sparseimp -r10
Time for gpu_mm_sparse_ProjectImp:transpose=0.750000
Time for gpu_mm_sparse_ProjectImp:conversion=0.040000
Time for gpu_mm_sparse_ProjectImp:sparsemm=0.550000
Time for gpu_mm_sparse_ProjectImp:back2host=0.010000
Time taken for gpu_mm_sparse_ProjectImp is 1.360000
